Using pre-set license
Built from '2020.3/staging' branch; Version is '2020.3.4f1 (0abb6314276a) revision 703331'; Using compiler version '192528614'; Build Type 'Release'
OS: 'Windows 10 Pro; OS build 19043.1348; Version 2009; 64bit' Language: 'ko' Physical Memory: 16339 MB
BatchMode: 1, IsHumanControllingUs: 0, StartBugReporterOnCrash: 0, Is64bit: 1, IsPro: 0

 COMMAND LINE ARGUMENTS:
C:\Program Files\2020.3.4f1\Editor\Unity.exe
-adb2
-batchMode
-noUpm
-name
AssetImportWorker0
-projectPath
C:/Users/Jaehee Choi/Desktop/SaveMeIK
-logFile
Logs/AssetImportWorker0.log
-srvPort
10271
Successfully changed project path to: C:/Users/Jaehee Choi/Desktop/SaveMeIK
C:/Users/Jaehee Choi/Desktop/SaveMeIK
Using Asset Import Pipeline V2.
Refreshing native plugins compatible for Editor in 121.51 ms, found 4 plugins.
Preloading 0 native plugins for Editor in 0.00 ms.
Initialize engine version: 2020.3.4f1 (0abb6314276a)
[Subsystems] Discovering subsystems at path C:/Program Files/2020.3.4f1/Editor/Data/Resources/UnitySubsystems
[Subsystems] Discovering subsystems at path C:/Users/Jaehee Choi/Desktop/SaveMeIK/Assets
GfxDevice: creating device client; threaded=0
Direct3D:
    Version:  Direct3D 11.0 [level 11.1]
    Renderer: NVIDIA GeForce GTX 1060 (ID=0x1c60)
    Vendor:   
    VRAM:     6052 MB
    Driver:   27.21.14.6677
Shader 'Custom/Water': fallback shader 'Legacy Shaders/Transparent/Vertexlit' not found
Initialize mono
Mono path[0] = 'C:/Program Files/2020.3.4f1/Editor/Data/Managed'
Mono path[1] = 'C:/Program Files/2020.3.4f1/Editor/Data/MonoBleedingEdge/lib/mono/unityjit'
Mono config path = 'C:/Program Files/2020.3.4f1/Editor/Data/MonoBleedingEdge/etc'
Using monoOptions --debugger-agent=transport=dt_socket,embedding=1,server=y,suspend=n,address=127.0.0.1:56488
Begin MonoManager ReloadAssembly
Registering precompiled unity dll's ...
Register platform support module: C:/Program Files/2020.3.4f1/Editor/Data/PlaybackEngines/WindowsStandaloneSupport/UnityEditor.WindowsStandalone.Extensions.dll
Registered in 0.006999 seconds.
Native extension for WindowsStandalone target not found
Refreshing native plugins compatible for Editor in 105.41 ms, found 4 plugins.
Preloading 0 native plugins for Editor in 0.00 ms.
Unable to find bridge dll in registry for Microsoft Visual Studio Tools for Unity for C:\Program Files (x86)\Microsoft Visual Studio\2017\Community\Common7\IDE\devenv.exe
Mono: successfully reloaded assembly
- Completed reload, in  4.354 seconds
Platform modules already initialized, skipping
Registering precompiled user dll's ...
Registered in 0.013234 seconds.
Begin MonoManager ReloadAssembly
Native extension for WindowsStandalone target not found
Refreshing native plugins compatible for Editor in 0.86 ms, found 4 plugins.
Preloading 0 native plugins for Editor in 0.00 ms.
Mono: successfully reloaded assembly
- Completed reload, in  3.034 seconds
Platform modules already initialized, skipping
========================================================================
Worker process is ready to serve import requests
Shader 'Custom/Water': fallback shader 'Legacy Shaders/Transparent/Vertexlit' not found
Launched and connected shader compiler UnityShaderCompiler.exe after 0.13 seconds
Refreshing native plugins compatible for Editor in 0.98 ms, found 4 plugins.
Preloading 0 native plugins for Editor in 0.00 ms.
Unloading 1590 Unused Serialized files (Serialized files now loaded: 0)
System memory in use before: 77.3 MB.
System memory in use after: 77.4 MB.

Unloading 19 unused Assets to reduce memory usage. Loaded Objects now: 2026.
Total: 3.844500 ms (FindLiveObjects: 0.326800 ms CreateObjectMapping: 0.144600 ms MarkObjects: 3.194900 ms  DeleteObjects: 0.176000 ms)

========================================================================
Received Import Request.
  path: Assets/Scripts/TimeMgr.cs
  artifactKey: Guid(00b272eeadc93694ebbe4758908f72ec) Importer(815301076,1909f56bfc062723c751e8b465ee728b)
Start importing Assets/Scripts/TimeMgr.cs using Guid(00b272eeadc93694ebbe4758908f72ec) Importer(815301076,1909f56bfc062723c751e8b465ee728b)  -> (artifact id: '00000000000000000000000000000000') in 0.071849 seconds
  ERROR: Build asset version error: assets/scripts/timemgr.cs in SourceAssetDB has modification time of '2021-11-27T20:14:04.1080683Z' while content on disk has modification time of '2021-11-27T20:14:22.5237231Z'
  Import took 0.075196 seconds .

========================================================================
Received Import Request.
  Time since last request: 0.114866 seconds.
  path: Assets/Scripts/TimeMgr.cs
  artifactKey: Guid(00b272eeadc93694ebbe4758908f72ec) Importer(815301076,1909f56bfc062723c751e8b465ee728b)
Start importing Assets/Scripts/TimeMgr.cs using Guid(00b272eeadc93694ebbe4758908f72ec) Importer(815301076,1909f56bfc062723c751e8b465ee728b)  -> (artifact id: '00000000000000000000000000000000') in 0.000735 seconds
  ERROR: Build asset version error: assets/scripts/timemgr.cs in SourceAssetDB has modification time of '2021-11-27T20:14:04.1080683Z' while content on disk has modification time of '2021-11-27T20:14:22.5237231Z'
  Import took 0.011632 seconds .

========================================================================
Received Import Request.
  Time since last request: 0.044325 seconds.
  path: Assets/Scripts/TimeMgr.cs
  artifactKey: Guid(00b272eeadc93694ebbe4758908f72ec) Importer(815301076,1909f56bfc062723c751e8b465ee728b)
Start importing Assets/Scripts/TimeMgr.cs using Guid(00b272eeadc93694ebbe4758908f72ec) Importer(815301076,1909f56bfc062723c751e8b465ee728b)  -> (artifact id: '00000000000000000000000000000000') in 0.000908 seconds
  ERROR: Build asset version error: assets/scripts/timemgr.cs in SourceAssetDB has modification time of '2021-11-27T20:14:04.1080683Z' while content on disk has modification time of '2021-11-27T20:14:22.5237231Z'
  Import took 0.007750 seconds .

========================================================================
Received Import Request.
  Time since last request: 0.045971 seconds.
  path: Assets/Scripts/TimeMgr.cs
  artifactKey: Guid(00b272eeadc93694ebbe4758908f72ec) Importer(815301076,1909f56bfc062723c751e8b465ee728b)
Start importing Assets/Scripts/TimeMgr.cs using Guid(00b272eeadc93694ebbe4758908f72ec) Importer(815301076,1909f56bfc062723c751e8b465ee728b)  -> (artifact id: '00000000000000000000000000000000') in 0.000811 seconds
  ERROR: Build asset version error: assets/scripts/timemgr.cs in SourceAssetDB has modification time of '2021-11-27T20:14:04.1080683Z' while content on disk has modification time of '2021-11-27T20:14:22.5237231Z'
  Import took 0.020392 seconds .

========================================================================
Received Import Request.
  Time since last request: 0.029584 seconds.
  path: Assets/Scripts/TimeMgr.cs
  artifactKey: Guid(00b272eeadc93694ebbe4758908f72ec) Importer(815301076,1909f56bfc062723c751e8b465ee728b)
Start importing Assets/Scripts/TimeMgr.cs using Guid(00b272eeadc93694ebbe4758908f72ec) Importer(815301076,1909f56bfc062723c751e8b465ee728b)  -> (artifact id: '00000000000000000000000000000000') in 0.000668 seconds
  ERROR: Build asset version error: assets/scripts/timemgr.cs in SourceAssetDB has modification time of '2021-11-27T20:14:04.1080683Z' while content on disk has modification time of '2021-11-27T20:14:22.5237231Z'
  Import took 0.006202 seconds .

========================================================================
Received Import Request.
  Time since last request: 0.043274 seconds.
  path: Assets/Scripts/TimeMgr.cs
  artifactKey: Guid(00b272eeadc93694ebbe4758908f72ec) Importer(815301076,1909f56bfc062723c751e8b465ee728b)
Start importing Assets/Scripts/TimeMgr.cs using Guid(00b272eeadc93694ebbe4758908f72ec) Importer(815301076,1909f56bfc062723c751e8b465ee728b)  -> (artifact id: '00000000000000000000000000000000') in 0.000665 seconds
  ERROR: Build asset version error: assets/scripts/timemgr.cs in SourceAssetDB has modification time of '2021-11-27T20:14:04.1080683Z' while content on disk has modification time of '2021-11-27T20:14:22.5237231Z'
  Import took 0.017151 seconds .

========================================================================
Received Import Request.
  Time since last request: 0.040273 seconds.
  path: Assets/Scripts/TimeMgr.cs
  artifactKey: Guid(00b272eeadc93694ebbe4758908f72ec) Importer(815301076,1909f56bfc062723c751e8b465ee728b)
Start importing Assets/Scripts/TimeMgr.cs using Guid(00b272eeadc93694ebbe4758908f72ec) Importer(815301076,1909f56bfc062723c751e8b465ee728b)  -> (artifact id: '00000000000000000000000000000000') in 0.001219 seconds
  ERROR: Build asset version error: assets/scripts/timemgr.cs in SourceAssetDB has modification time of '2021-11-27T20:14:04.1080683Z' while content on disk has modification time of '2021-11-27T20:14:22.5237231Z'
  Import took 0.021382 seconds .

========================================================================
Received Import Request.
  Time since last request: 0.028121 seconds.
  path: Assets/Scripts/TimeMgr.cs
  artifactKey: Guid(00b272eeadc93694ebbe4758908f72ec) Importer(815301076,1909f56bfc062723c751e8b465ee728b)
Start importing Assets/Scripts/TimeMgr.cs using Guid(00b272eeadc93694ebbe4758908f72ec) Importer(815301076,1909f56bfc062723c751e8b465ee728b)  -> (artifact id: '00000000000000000000000000000000') in 0.002131 seconds
  ERROR: Build asset version error: assets/scripts/timemgr.cs in SourceAssetDB has modification time of '2021-11-27T20:14:04.1080683Z' while content on disk has modification time of '2021-11-27T20:14:22.5237231Z'
  Import took 0.009980 seconds .

========================================================================
Received Import Request.
  Time since last request: 0.044611 seconds.
  path: Assets/Scripts/TimeMgr.cs
  artifactKey: Guid(00b272eeadc93694ebbe4758908f72ec) Importer(815301076,1909f56bfc062723c751e8b465ee728b)
Start importing Assets/Scripts/TimeMgr.cs using Guid(00b272eeadc93694ebbe4758908f72ec) Importer(815301076,1909f56bfc062723c751e8b465ee728b)  -> (artifact id: '00000000000000000000000000000000') in 0.008940 seconds
  ERROR: Build asset version error: assets/scripts/timemgr.cs in SourceAssetDB has modification time of '2021-11-27T20:14:04.1080683Z' while content on disk has modification time of '2021-11-27T20:14:22.5237231Z'
  Import took 0.023878 seconds .

========================================================================
Received Import Request.
  Time since last request: 0.044251 seconds.
  path: Assets/Scripts/TimeMgr.cs
  artifactKey: Guid(00b272eeadc93694ebbe4758908f72ec) Importer(815301076,1909f56bfc062723c751e8b465ee728b)
Start importing Assets/Scripts/TimeMgr.cs using Guid(00b272eeadc93694ebbe4758908f72ec) Importer(815301076,1909f56bfc062723c751e8b465ee728b)  -> (artifact id: '00000000000000000000000000000000') in 0.000693 seconds
  ERROR: Build asset version error: assets/scripts/timemgr.cs in SourceAssetDB has modification time of '2021-11-27T20:14:04.1080683Z' while content on disk has modification time of '2021-11-27T20:14:22.5237231Z'
  Import took 0.096235 seconds .

========================================================================
Received Import Request.
  Time since last request: 0.048889 seconds.
  path: Assets/Scripts/TimeMgr.cs
  artifactKey: Guid(00b272eeadc93694ebbe4758908f72ec) Importer(815301076,1909f56bfc062723c751e8b465ee728b)
Start importing Assets/Scripts/TimeMgr.cs using Guid(00b272eeadc93694ebbe4758908f72ec) Importer(815301076,1909f56bfc062723c751e8b465ee728b)  -> (artifact id: '00000000000000000000000000000000') in 0.001118 seconds
  ERROR: Build asset version error: assets/scripts/timemgr.cs in SourceAssetDB has modification time of '2021-11-27T20:14:04.1080683Z' while content on disk has modification time of '2021-11-27T20:14:22.5237231Z'
  Import took 0.014531 seconds .

========================================================================
Received Import Request.
  Time since last request: 0.040505 seconds.
  path: Assets/Scripts/TimeMgr.cs
  artifactKey: Guid(00b272eeadc93694ebbe4758908f72ec) Importer(815301076,1909f56bfc062723c751e8b465ee728b)
Start importing Assets/Scripts/TimeMgr.cs using Guid(00b272eeadc93694ebbe4758908f72ec) Importer(815301076,1909f56bfc062723c751e8b465ee728b)  -> (artifact id: '00000000000000000000000000000000') in 0.000716 seconds
  ERROR: Build asset version error: assets/scripts/timemgr.cs in SourceAssetDB has modification time of '2021-11-27T20:14:04.1080683Z' while content on disk has modification time of '2021-11-27T20:14:22.5237231Z'
  Import took 0.007480 seconds .

========================================================================
Received Import Request.
  Time since last request: 0.037695 seconds.
  path: Assets/Scripts/TimeMgr.cs
  artifactKey: Guid(00b272eeadc93694ebbe4758908f72ec) Importer(815301076,1909f56bfc062723c751e8b465ee728b)
Start importing Assets/Scripts/TimeMgr.cs using Guid(00b272eeadc93694ebbe4758908f72ec) Importer(815301076,1909f56bfc062723c751e8b465ee728b)  -> (artifact id: '00000000000000000000000000000000') in 0.000751 seconds
  ERROR: Build asset version error: assets/scripts/timemgr.cs in SourceAssetDB has modification time of '2021-11-27T20:14:04.1080683Z' while content on disk has modification time of '2021-11-27T20:14:22.5237231Z'
  Import took 0.013830 seconds .

========================================================================
Received Import Request.
  Time since last request: 0.034589 seconds.
  path: Assets/Scripts/TimeMgr.cs
  artifactKey: Guid(00b272eeadc93694ebbe4758908f72ec) Importer(815301076,1909f56bfc062723c751e8b465ee728b)
Start importing Assets/Scripts/TimeMgr.cs using Guid(00b272eeadc93694ebbe4758908f72ec) Importer(815301076,1909f56bfc062723c751e8b465ee728b)  -> (artifact id: '00000000000000000000000000000000') in 0.001086 seconds
  ERROR: Build asset version error: assets/scripts/timemgr.cs in SourceAssetDB has modification time of '2021-11-27T20:14:04.1080683Z' while content on disk has modification time of '2021-11-27T20:14:22.5237231Z'
  Import took 0.009307 seconds .

========================================================================
Received Import Request.
  Time since last request: 0.036637 seconds.
  path: Assets/Scripts/TimeMgr.cs
  artifactKey: Guid(00b272eeadc93694ebbe4758908f72ec) Importer(815301076,1909f56bfc062723c751e8b465ee728b)
Start importing Assets/Scripts/TimeMgr.cs using Guid(00b272eeadc93694ebbe4758908f72ec) Importer(815301076,1909f56bfc062723c751e8b465ee728b)  -> (artifact id: '00000000000000000000000000000000') in 0.002167 seconds
  ERROR: Build asset version error: assets/scripts/timemgr.cs in SourceAssetDB has modification time of '2021-11-27T20:14:04.1080683Z' while content on disk has modification time of '2021-11-27T20:14:22.5237231Z'
  Import took 0.014695 seconds .

========================================================================
Received Import Request.
  Time since last request: 0.031990 seconds.
  path: Assets/Scripts/TimeMgr.cs
  artifactKey: Guid(00b272eeadc93694ebbe4758908f72ec) Importer(815301076,1909f56bfc062723c751e8b465ee728b)
Start importing Assets/Scripts/TimeMgr.cs using Guid(00b272eeadc93694ebbe4758908f72ec) Importer(815301076,1909f56bfc062723c751e8b465ee728b)  -> (artifact id: '00000000000000000000000000000000') in 0.000798 seconds
  ERROR: Build asset version error: assets/scripts/timemgr.cs in SourceAssetDB has modification time of '2021-11-27T20:14:04.1080683Z' while content on disk has modification time of '2021-11-27T20:14:22.5237231Z'
  Import took 0.010703 seconds .

========================================================================
Received Import Request.
  Time since last request: 0.035512 seconds.
  path: Assets/Scripts/TimeMgr.cs
  artifactKey: Guid(00b272eeadc93694ebbe4758908f72ec) Importer(815301076,1909f56bfc062723c751e8b465ee728b)
Start importing Assets/Scripts/TimeMgr.cs using Guid(00b272eeadc93694ebbe4758908f72ec) Importer(815301076,1909f56bfc062723c751e8b465ee728b)  -> (artifact id: '00000000000000000000000000000000') in 0.000768 seconds
  ERROR: Build asset version error: assets/scripts/timemgr.cs in SourceAssetDB has modification time of '2021-11-27T20:14:04.1080683Z' while content on disk has modification time of '2021-11-27T20:14:22.5237231Z'
  Import took 0.006479 seconds .

========================================================================
Received Import Request.
  Time since last request: 0.045059 seconds.
  path: Assets/Scripts/TimeMgr.cs
  artifactKey: Guid(00b272eeadc93694ebbe4758908f72ec) Importer(815301076,1909f56bfc062723c751e8b465ee728b)
Start importing Assets/Scripts/TimeMgr.cs using Guid(00b272eeadc93694ebbe4758908f72ec) Importer(815301076,1909f56bfc062723c751e8b465ee728b)  -> (artifact id: '00000000000000000000000000000000') in 0.000907 seconds
  ERROR: Build asset version error: assets/scripts/timemgr.cs in SourceAssetDB has modification time of '2021-11-27T20:14:04.1080683Z' while content on disk has modification time of '2021-11-27T20:14:22.5237231Z'
  Import took 0.010977 seconds .

========================================================================
Received Import Request.
  Time since last request: 0.040858 seconds.
  path: Assets/Scripts/TimeMgr.cs
  artifactKey: Guid(00b272eeadc93694ebbe4758908f72ec) Importer(815301076,1909f56bfc062723c751e8b465ee728b)
Start importing Assets/Scripts/TimeMgr.cs using Guid(00b272eeadc93694ebbe4758908f72ec) Importer(815301076,1909f56bfc062723c751e8b465ee728b)  -> (artifact id: '00000000000000000000000000000000') in 0.000518 seconds
  ERROR: Build asset version error: assets/scripts/timemgr.cs in SourceAssetDB has modification time of '2021-11-27T20:14:04.1080683Z' while content on disk has modification time of '2021-11-27T20:14:22.5237231Z'
  Import took 0.009206 seconds .

========================================================================
Received Import Request.
  Time since last request: 0.039942 seconds.
  path: Assets/Scripts/TimeMgr.cs
  artifactKey: Guid(00b272eeadc93694ebbe4758908f72ec) Importer(815301076,1909f56bfc062723c751e8b465ee728b)
Start importing Assets/Scripts/TimeMgr.cs using Guid(00b272eeadc93694ebbe4758908f72ec) Importer(815301076,1909f56bfc062723c751e8b465ee728b)  -> (artifact id: '00000000000000000000000000000000') in 0.001925 seconds
  ERROR: Build asset version error: assets/scripts/timemgr.cs in SourceAssetDB has modification time of '2021-11-27T20:14:04.1080683Z' while content on disk has modification time of '2021-11-27T20:14:22.5237231Z'
  Import took 0.009310 seconds .

========================================================================
Received Import Request.
  Time since last request: 0.036914 seconds.
  path: Assets/Scripts/TimeMgr.cs
  artifactKey: Guid(00b272eeadc93694ebbe4758908f72ec) Importer(815301076,1909f56bfc062723c751e8b465ee728b)
Start importing Assets/Scripts/TimeMgr.cs using Guid(00b272eeadc93694ebbe4758908f72ec) Importer(815301076,1909f56bfc062723c751e8b465ee728b)  -> (artifact id: '00000000000000000000000000000000') in 0.000619 seconds
  ERROR: Build asset version error: assets/scripts/timemgr.cs in SourceAssetDB has modification time of '2021-11-27T20:14:04.1080683Z' while content on disk has modification time of '2021-11-27T20:14:22.5237231Z'
  Import took 0.005643 seconds .

========================================================================
Received Import Request.
  Time since last request: 0.035284 seconds.
  path: Assets/Scripts/TimeMgr.cs
  artifactKey: Guid(00b272eeadc93694ebbe4758908f72ec) Importer(815301076,1909f56bfc062723c751e8b465ee728b)
Start importing Assets/Scripts/TimeMgr.cs using Guid(00b272eeadc93694ebbe4758908f72ec) Importer(815301076,1909f56bfc062723c751e8b465ee728b)  -> (artifact id: '00000000000000000000000000000000') in 0.001285 seconds
  ERROR: Build asset version error: assets/scripts/timemgr.cs in SourceAssetDB has modification time of '2021-11-27T20:14:04.1080683Z' while content on disk has modification time of '2021-11-27T20:14:22.5237231Z'
  Import took 0.012148 seconds .

========================================================================
Received Import Request.
  Time since last request: 0.034817 seconds.
  path: Assets/Scripts/TimeMgr.cs
  artifactKey: Guid(00b272eeadc93694ebbe4758908f72ec) Importer(815301076,1909f56bfc062723c751e8b465ee728b)
Start importing Assets/Scripts/TimeMgr.cs using Guid(00b272eeadc93694ebbe4758908f72ec) Importer(815301076,1909f56bfc062723c751e8b465ee728b)  -> (artifact id: '00000000000000000000000000000000') in 0.002916 seconds
  ERROR: Build asset version error: assets/scripts/timemgr.cs in SourceAssetDB has modification time of '2021-11-27T20:14:04.1080683Z' while content on disk has modification time of '2021-11-27T20:14:22.5237231Z'
  Import took 0.017197 seconds .

========================================================================
Received Import Request.
  Time since last request: 0.045585 seconds.
  path: Assets/Scripts/TimeMgr.cs
  artifactKey: Guid(00b272eeadc93694ebbe4758908f72ec) Importer(815301076,1909f56bfc062723c751e8b465ee728b)
Start importing Assets/Scripts/TimeMgr.cs using Guid(00b272eeadc93694ebbe4758908f72ec) Importer(815301076,1909f56bfc062723c751e8b465ee728b)  -> (artifact id: '00000000000000000000000000000000') in 0.000727 seconds
  ERROR: Build asset version error: assets/scripts/timemgr.cs in SourceAssetDB has modification time of '2021-11-27T20:14:04.1080683Z' while content on disk has modification time of '2021-11-27T20:14:22.5237231Z'
  Import took 0.008913 seconds .

========================================================================
Received Import Request.
  Time since last request: 0.033560 seconds.
  path: Assets/Scripts/TimeMgr.cs
  artifactKey: Guid(00b272eeadc93694ebbe4758908f72ec) Importer(815301076,1909f56bfc062723c751e8b465ee728b)
Start importing Assets/Scripts/TimeMgr.cs using Guid(00b272eeadc93694ebbe4758908f72ec) Importer(815301076,1909f56bfc062723c751e8b465ee728b)  -> (artifact id: '00000000000000000000000000000000') in 0.000713 seconds
  ERROR: Build asset version error: assets/scripts/timemgr.cs in SourceAssetDB has modification time of '2021-11-27T20:14:04.1080683Z' while content on disk has modification time of '2021-11-27T20:14:22.5237231Z'
  Import took 0.009421 seconds .

========================================================================
Received Import Request.
  Time since last request: 0.029123 seconds.
  path: Assets/Scripts/TimeMgr.cs
  artifactKey: Guid(00b272eeadc93694ebbe4758908f72ec) Importer(815301076,1909f56bfc062723c751e8b465ee728b)
Start importing Assets/Scripts/TimeMgr.cs using Guid(00b272eeadc93694ebbe4758908f72ec) Importer(815301076,1909f56bfc062723c751e8b465ee728b)  -> (artifact id: '00000000000000000000000000000000') in 0.000986 seconds
  ERROR: Build asset version error: assets/scripts/timemgr.cs in SourceAssetDB has modification time of '2021-11-27T20:14:04.1080683Z' while content on disk has modification time of '2021-11-27T20:14:22.5237231Z'
  Import took 0.005122 seconds .

========================================================================
Received Import Request.
  Time since last request: 0.033034 seconds.
  path: Assets/Scripts/TimeMgr.cs
  artifactKey: Guid(00b272eeadc93694ebbe4758908f72ec) Importer(815301076,1909f56bfc062723c751e8b465ee728b)
Start importing Assets/Scripts/TimeMgr.cs using Guid(00b272eeadc93694ebbe4758908f72ec) Importer(815301076,1909f56bfc062723c751e8b465ee728b)  -> (artifact id: '00000000000000000000000000000000') in 0.000729 seconds
  ERROR: Build asset version error: assets/scripts/timemgr.cs in SourceAssetDB has modification time of '2021-11-27T20:14:04.1080683Z' while content on disk has modification time of '2021-11-27T20:14:22.5237231Z'
  Import took 0.006450 seconds .

========================================================================
Received Import Request.
  Time since last request: 0.035107 seconds.
  path: Assets/Scripts/TimeMgr.cs
  artifactKey: Guid(00b272eeadc93694ebbe4758908f72ec) Importer(815301076,1909f56bfc062723c751e8b465ee728b)
Start importing Assets/Scripts/TimeMgr.cs using Guid(00b272eeadc93694ebbe4758908f72ec) Importer(815301076,1909f56bfc062723c751e8b465ee728b)  -> (artifact id: '00000000000000000000000000000000') in 0.000762 seconds
  ERROR: Build asset version error: assets/scripts/timemgr.cs in SourceAssetDB has modification time of '2021-11-27T20:14:04.1080683Z' while content on disk has modification time of '2021-11-27T20:14:22.5237231Z'
  Import took 0.008604 seconds .

========================================================================
Received Import Request.
  Time since last request: 0.040476 seconds.
  path: Assets/Scripts/TimeMgr.cs
  artifactKey: Guid(00b272eeadc93694ebbe4758908f72ec) Importer(815301076,1909f56bfc062723c751e8b465ee728b)
Start importing Assets/Scripts/TimeMgr.cs using Guid(00b272eeadc93694ebbe4758908f72ec) Importer(815301076,1909f56bfc062723c751e8b465ee728b)  -> (artifact id: '00000000000000000000000000000000') in 0.001703 seconds
  ERROR: Build asset version error: assets/scripts/timemgr.cs in SourceAssetDB has modification time of '2021-11-27T20:14:04.1080683Z' while content on disk has modification time of '2021-11-27T20:14:22.5237231Z'
  Import took 0.010044 seconds .

========================================================================
Received Import Request.
  Time since last request: 0.038999 seconds.
  path: Assets/Scripts/TimeMgr.cs
  artifactKey: Guid(00b272eeadc93694ebbe4758908f72ec) Importer(815301076,1909f56bfc062723c751e8b465ee728b)
Start importing Assets/Scripts/TimeMgr.cs using Guid(00b272eeadc93694ebbe4758908f72ec) Importer(815301076,1909f56bfc062723c751e8b465ee728b)  -> (artifact id: '00000000000000000000000000000000') in 0.000605 seconds
  ERROR: Build asset version error: assets/scripts/timemgr.cs in SourceAssetDB has modification time of '2021-11-27T20:14:04.1080683Z' while content on disk has modification time of '2021-11-27T20:14:22.5237231Z'
  Import took 0.005969 seconds .

========================================================================
Received Import Request.
  Time since last request: 0.035952 seconds.
  path: Assets/Scripts/TimeMgr.cs
  artifactKey: Guid(00b272eeadc93694ebbe4758908f72ec) Importer(815301076,1909f56bfc062723c751e8b465ee728b)
Start importing Assets/Scripts/TimeMgr.cs using Guid(00b272eeadc93694ebbe4758908f72ec) Importer(815301076,1909f56bfc062723c751e8b465ee728b)  -> (artifact id: '00000000000000000000000000000000') in 0.000905 seconds
  ERROR: Build asset version error: assets/scripts/timemgr.cs in SourceAssetDB has modification time of '2021-11-27T20:14:04.1080683Z' while content on disk has modification time of '2021-11-27T20:14:22.5237231Z'
  Import took 0.008299 seconds .

========================================================================
Received Import Request.
  Time since last request: 0.039063 seconds.
  path: Assets/Scripts/TimeMgr.cs
  artifactKey: Guid(00b272eeadc93694ebbe4758908f72ec) Importer(815301076,1909f56bfc062723c751e8b465ee728b)
Start importing Assets/Scripts/TimeMgr.cs using Guid(00b272eeadc93694ebbe4758908f72ec) Importer(815301076,1909f56bfc062723c751e8b465ee728b)  -> (artifact id: '00000000000000000000000000000000') in 0.000793 seconds
  ERROR: Build asset version error: assets/scripts/timemgr.cs in SourceAssetDB has modification time of '2021-11-27T20:14:04.1080683Z' while content on disk has modification time of '2021-11-27T20:14:22.5237231Z'
  Import took 0.006422 seconds .

========================================================================
Received Import Request.
  Time since last request: 0.033359 seconds.
  path: Assets/Scripts/TimeMgr.cs
  artifactKey: Guid(00b272eeadc93694ebbe4758908f72ec) Importer(815301076,1909f56bfc062723c751e8b465ee728b)
Start importing Assets/Scripts/TimeMgr.cs using Guid(00b272eeadc93694ebbe4758908f72ec) Importer(815301076,1909f56bfc062723c751e8b465ee728b)  -> (artifact id: '00000000000000000000000000000000') in 0.001011 seconds
  ERROR: Build asset version error: assets/scripts/timemgr.cs in SourceAssetDB has modification time of '2021-11-27T20:14:04.1080683Z' while content on disk has modification time of '2021-11-27T20:14:22.5237231Z'
  Import took 0.006497 seconds .

========================================================================
Received Import Request.
  Time since last request: 0.031705 seconds.
  path: Assets/Scripts/TimeMgr.cs
  artifactKey: Guid(00b272eeadc93694ebbe4758908f72ec) Importer(815301076,1909f56bfc062723c751e8b465ee728b)
Start importing Assets/Scripts/TimeMgr.cs using Guid(00b272eeadc93694ebbe4758908f72ec) Importer(815301076,1909f56bfc062723c751e8b465ee728b)  -> (artifact id: '00000000000000000000000000000000') in 0.000699 seconds
  ERROR: Build asset version error: assets/scripts/timemgr.cs in SourceAssetDB has modification time of '2021-11-27T20:14:04.1080683Z' while content on disk has modification time of '2021-11-27T20:14:22.5237231Z'
  Import took 0.008411 seconds .

========================================================================
Received Import Request.
  Time since last request: 0.034998 seconds.
  path: Assets/Scripts/TimeMgr.cs
  artifactKey: Guid(00b272eeadc93694ebbe4758908f72ec) Importer(815301076,1909f56bfc062723c751e8b465ee728b)
Start importing Assets/Scripts/TimeMgr.cs using Guid(00b272eeadc93694ebbe4758908f72ec) Importer(815301076,1909f56bfc062723c751e8b465ee728b)  -> (artifact id: '00000000000000000000000000000000') in 0.000687 seconds
  ERROR: Build asset version error: assets/scripts/timemgr.cs in SourceAssetDB has modification time of '2021-11-27T20:14:04.1080683Z' while content on disk has modification time of '2021-11-27T20:14:22.5237231Z'
  Import took 0.005253 seconds .

========================================================================
Received Import Request.
  Time since last request: 0.029959 seconds.
  path: Assets/Scripts/TimeMgr.cs
  artifactKey: Guid(00b272eeadc93694ebbe4758908f72ec) Importer(815301076,1909f56bfc062723c751e8b465ee728b)
Start importing Assets/Scripts/TimeMgr.cs using Guid(00b272eeadc93694ebbe4758908f72ec) Importer(815301076,1909f56bfc062723c751e8b465ee728b)  -> (artifact id: '00000000000000000000000000000000') in 0.000614 seconds
  ERROR: Build asset version error: assets/scripts/timemgr.cs in SourceAssetDB has modification time of '2021-11-27T20:14:04.1080683Z' while content on disk has modification time of '2021-11-27T20:14:22.5237231Z'
  Import took 0.007770 seconds .

========================================================================
Received Import Request.
  Time since last request: 0.030630 seconds.
  path: Assets/Scripts/TimeMgr.cs
  artifactKey: Guid(00b272eeadc93694ebbe4758908f72ec) Importer(815301076,1909f56bfc062723c751e8b465ee728b)
Start importing Assets/Scripts/TimeMgr.cs using Guid(00b272eeadc93694ebbe4758908f72ec) Importer(815301076,1909f56bfc062723c751e8b465ee728b)  -> (artifact id: '00000000000000000000000000000000') in 0.000782 seconds
  ERROR: Build asset version error: assets/scripts/timemgr.cs in SourceAssetDB has modification time of '2021-11-27T20:14:04.1080683Z' while content on disk has modification time of '2021-11-27T20:14:22.5237231Z'
  Import took 0.006193 seconds .

========================================================================
Received Import Request.
  Time since last request: 0.039445 seconds.
  path: Assets/Scripts/TimeMgr.cs
  artifactKey: Guid(00b272eeadc93694ebbe4758908f72ec) Importer(815301076,1909f56bfc062723c751e8b465ee728b)
Start importing Assets/Scripts/TimeMgr.cs using Guid(00b272eeadc93694ebbe4758908f72ec) Importer(815301076,1909f56bfc062723c751e8b465ee728b)  -> (artifact id: '00000000000000000000000000000000') in 0.000814 seconds
  ERROR: Build asset version error: assets/scripts/timemgr.cs in SourceAssetDB has modification time of '2021-11-27T20:14:04.1080683Z' while content on disk has modification time of '2021-11-27T20:14:22.5237231Z'
  Import took 0.006668 seconds .

========================================================================
Received Import Request.
  Time since last request: 0.035041 seconds.
  path: Assets/Scripts/TimeMgr.cs
  artifactKey: Guid(00b272eeadc93694ebbe4758908f72ec) Importer(815301076,1909f56bfc062723c751e8b465ee728b)
Start importing Assets/Scripts/TimeMgr.cs using Guid(00b272eeadc93694ebbe4758908f72ec) Importer(815301076,1909f56bfc062723c751e8b465ee728b)  -> (artifact id: '00000000000000000000000000000000') in 0.000628 seconds
  ERROR: Build asset version error: assets/scripts/timemgr.cs in SourceAssetDB has modification time of '2021-11-27T20:14:04.1080683Z' while content on disk has modification time of '2021-11-27T20:14:22.5237231Z'
  Import took 0.004442 seconds .

========================================================================
Received Import Request.
  Time since last request: 0.038339 seconds.
  path: Assets/Scripts/TimeMgr.cs
  artifactKey: Guid(00b272eeadc93694ebbe4758908f72ec) Importer(815301076,1909f56bfc062723c751e8b465ee728b)
Start importing Assets/Scripts/TimeMgr.cs using Guid(00b272eeadc93694ebbe4758908f72ec) Importer(815301076,1909f56bfc062723c751e8b465ee728b)  -> (artifact id: '00000000000000000000000000000000') in 0.001074 seconds
  ERROR: Build asset version error: assets/scripts/timemgr.cs in SourceAssetDB has modification time of '2021-11-27T20:14:04.1080683Z' while content on disk has modification time of '2021-11-27T20:14:22.5237231Z'
  Import took 0.009323 seconds .

========================================================================
Received Import Request.
  Time since last request: 0.038829 seconds.
  path: Assets/Scripts/TimeMgr.cs
  artifactKey: Guid(00b272eeadc93694ebbe4758908f72ec) Importer(815301076,1909f56bfc062723c751e8b465ee728b)
Start importing Assets/Scripts/TimeMgr.cs using Guid(00b272eeadc93694ebbe4758908f72ec) Importer(815301076,1909f56bfc062723c751e8b465ee728b)  -> (artifact id: '00000000000000000000000000000000') in 0.000671 seconds
  ERROR: Build asset version error: assets/scripts/timemgr.cs in SourceAssetDB has modification time of '2021-11-27T20:14:04.1080683Z' while content on disk has modification time of '2021-11-27T20:14:22.5237231Z'
  Import took 0.007718 seconds .

========================================================================
Received Import Request.
  Time since last request: 0.031429 seconds.
  path: Assets/Scripts/TimeMgr.cs
  artifactKey: Guid(00b272eeadc93694ebbe4758908f72ec) Importer(815301076,1909f56bfc062723c751e8b465ee728b)
Start importing Assets/Scripts/TimeMgr.cs using Guid(00b272eeadc93694ebbe4758908f72ec) Importer(815301076,1909f56bfc062723c751e8b465ee728b)  -> (artifact id: '00000000000000000000000000000000') in 0.000659 seconds
  ERROR: Build asset version error: assets/scripts/timemgr.cs in SourceAssetDB has modification time of '2021-11-27T20:14:04.1080683Z' while content on disk has modification time of '2021-11-27T20:14:22.5237231Z'
  Import took 0.006639 seconds .

========================================================================
Received Import Request.
  Time since last request: 0.039066 seconds.
  path: Assets/Scripts/TimeMgr.cs
  artifactKey: Guid(00b272eeadc93694ebbe4758908f72ec) Importer(815301076,1909f56bfc062723c751e8b465ee728b)
Start importing Assets/Scripts/TimeMgr.cs using Guid(00b272eeadc93694ebbe4758908f72ec) Importer(815301076,1909f56bfc062723c751e8b465ee728b)  -> (artifact id: '00000000000000000000000000000000') in 0.000647 seconds
  ERROR: Build asset version error: assets/scripts/timemgr.cs in SourceAssetDB has modification time of '2021-11-27T20:14:04.1080683Z' while content on disk has modification time of '2021-11-27T20:14:22.5237231Z'
  Import took 0.006646 seconds .

========================================================================
Received Import Request.
  Time since last request: 0.035774 seconds.
  path: Assets/Scripts/TimeMgr.cs
  artifactKey: Guid(00b272eeadc93694ebbe4758908f72ec) Importer(815301076,1909f56bfc062723c751e8b465ee728b)
Start importing Assets/Scripts/TimeMgr.cs using Guid(00b272eeadc93694ebbe4758908f72ec) Importer(815301076,1909f56bfc062723c751e8b465ee728b)  -> (artifact id: '00000000000000000000000000000000') in 0.000891 seconds
  ERROR: Build asset version error: assets/scripts/timemgr.cs in SourceAssetDB has modification time of '2021-11-27T20:14:04.1080683Z' while content on disk has modification time of '2021-11-27T20:14:22.5237231Z'
  Import took 0.006298 seconds .

========================================================================
Received Import Request.
  Time since last request: 0.041105 seconds.
  path: Assets/Scripts/TimeMgr.cs
  artifactKey: Guid(00b272eeadc93694ebbe4758908f72ec) Importer(815301076,1909f56bfc062723c751e8b465ee728b)
Start importing Assets/Scripts/TimeMgr.cs using Guid(00b272eeadc93694ebbe4758908f72ec) Importer(815301076,1909f56bfc062723c751e8b465ee728b)  -> (artifact id: '00000000000000000000000000000000') in 0.000611 seconds
  ERROR: Build asset version error: assets/scripts/timemgr.cs in SourceAssetDB has modification time of '2021-11-27T20:14:04.1080683Z' while content on disk has modification time of '2021-11-27T20:14:22.5237231Z'
  Import took 0.009647 seconds .

========================================================================
Received Import Request.
  Time since last request: 0.032097 seconds.
  path: Assets/Scripts/TimeMgr.cs
  artifactKey: Guid(00b272eeadc93694ebbe4758908f72ec) Importer(815301076,1909f56bfc062723c751e8b465ee728b)
Start importing Assets/Scripts/TimeMgr.cs using Guid(00b272eeadc93694ebbe4758908f72ec) Importer(815301076,1909f56bfc062723c751e8b465ee728b)  -> (artifact id: '00000000000000000000000000000000') in 0.001037 seconds
  ERROR: Build asset version error: assets/scripts/timemgr.cs in SourceAssetDB has modification time of '2021-11-27T20:14:04.1080683Z' while content on disk has modification time of '2021-11-27T20:14:22.5237231Z'
  Import took 0.006059 seconds .

========================================================================
Received Import Request.
  Time since last request: 0.044894 seconds.
  path: Assets/Scripts/TimeMgr.cs
  artifactKey: Guid(00b272eeadc93694ebbe4758908f72ec) Importer(815301076,1909f56bfc062723c751e8b465ee728b)
Start importing Assets/Scripts/TimeMgr.cs using Guid(00b272eeadc93694ebbe4758908f72ec) Importer(815301076,1909f56bfc062723c751e8b465ee728b)  -> (artifact id: '00000000000000000000000000000000') in 0.001750 seconds
  ERROR: Build asset version error: assets/scripts/timemgr.cs in SourceAssetDB has modification time of '2021-11-27T20:14:04.1080683Z' while content on disk has modification time of '2021-11-27T20:14:22.5237231Z'
  Import took 0.028929 seconds .

========================================================================
Received Import Request.
  Time since last request: 0.123997 seconds.
  path: Assets/Scripts/TimeMgr.cs
  artifactKey: Guid(00b272eeadc93694ebbe4758908f72ec) Importer(815301076,1909f56bfc062723c751e8b465ee728b)
Start importing Assets/Scripts/TimeMgr.cs using Guid(00b272eeadc93694ebbe4758908f72ec) Importer(815301076,1909f56bfc062723c751e8b465ee728b)  -> (artifact id: '00000000000000000000000000000000') in 0.000755 seconds
  ERROR: Build asset version error: assets/scripts/timemgr.cs in SourceAssetDB has modification time of '2021-11-27T20:14:04.1080683Z' while content on disk has modification time of '2021-11-27T20:14:22.5237231Z'
  Import took 0.008474 seconds .

========================================================================
Received Import Request.
  Time since last request: 0.043303 seconds.
  path: Assets/Scripts/TimeMgr.cs
  artifactKey: Guid(00b272eeadc93694ebbe4758908f72ec) Importer(815301076,1909f56bfc062723c751e8b465ee728b)
Start importing Assets/Scripts/TimeMgr.cs using Guid(00b272eeadc93694ebbe4758908f72ec) Importer(815301076,1909f56bfc062723c751e8b465ee728b)  -> (artifact id: '00000000000000000000000000000000') in 0.000655 seconds
  ERROR: Build asset version error: assets/scripts/timemgr.cs in SourceAssetDB has modification time of '2021-11-27T20:14:04.1080683Z' while content on disk has modification time of '2021-11-27T20:14:22.5237231Z'
  Import took 0.011930 seconds .

========================================================================
Received Import Request.
  Time since last request: 0.033233 seconds.
  path: Assets/Scripts/TimeMgr.cs
  artifactKey: Guid(00b272eeadc93694ebbe4758908f72ec) Importer(815301076,1909f56bfc062723c751e8b465ee728b)
Start importing Assets/Scripts/TimeMgr.cs using Guid(00b272eeadc93694ebbe4758908f72ec) Importer(815301076,1909f56bfc062723c751e8b465ee728b)  -> (artifact id: '00000000000000000000000000000000') in 0.000814 seconds
  ERROR: Build asset version error: assets/scripts/timemgr.cs in SourceAssetDB has modification time of '2021-11-27T20:14:04.1080683Z' while content on disk has modification time of '2021-11-27T20:14:22.5237231Z'
  Import took 0.005738 seconds .

========================================================================
Received Import Request.
  Time since last request: 0.036400 seconds.
  path: Assets/Scripts/TimeMgr.cs
  artifactKey: Guid(00b272eeadc93694ebbe4758908f72ec) Importer(815301076,1909f56bfc062723c751e8b465ee728b)
Start importing Assets/Scripts/TimeMgr.cs using Guid(00b272eeadc93694ebbe4758908f72ec) Importer(815301076,1909f56bfc062723c751e8b465ee728b)  -> (artifact id: '00000000000000000000000000000000') in 0.000886 seconds
  ERROR: Build asset version error: assets/scripts/timemgr.cs in SourceAssetDB has modification time of '2021-11-27T20:14:04.1080683Z' while content on disk has modification time of '2021-11-27T20:14:22.5237231Z'
  Import took 0.007283 seconds .

========================================================================
Received Import Request.
  Time since last request: 0.057064 seconds.
  path: Assets/Scripts/TimeMgr.cs
  artifactKey: Guid(00b272eeadc93694ebbe4758908f72ec) Importer(815301076,1909f56bfc062723c751e8b465ee728b)
Start importing Assets/Scripts/TimeMgr.cs using Guid(00b272eeadc93694ebbe4758908f72ec) Importer(815301076,1909f56bfc062723c751e8b465ee728b)  -> (artifact id: '00000000000000000000000000000000') in 0.000638 seconds
  ERROR: Build asset version error: assets/scripts/timemgr.cs in SourceAssetDB has modification time of '2021-11-27T20:14:04.1080683Z' while content on disk has modification time of '2021-11-27T20:14:22.5237231Z'
  Import took 0.011407 seconds .

========================================================================
Received Import Request.
  Time since last request: 0.027345 seconds.
  path: Assets/Scripts/TimeMgr.cs
  artifactKey: Guid(00b272eeadc93694ebbe4758908f72ec) Importer(815301076,1909f56bfc062723c751e8b465ee728b)
Start importing Assets/Scripts/TimeMgr.cs using Guid(00b272eeadc93694ebbe4758908f72ec) Importer(815301076,1909f56bfc062723c751e8b465ee728b)  -> (artifact id: '00000000000000000000000000000000') in 0.000616 seconds
  ERROR: Build asset version error: assets/scripts/timemgr.cs in SourceAssetDB has modification time of '2021-11-27T20:14:04.1080683Z' while content on disk has modification time of '2021-11-27T20:14:22.5237231Z'
  Import took 0.007152 seconds .

========================================================================
Received Import Request.
  Time since last request: 0.034936 seconds.
  path: Assets/Scripts/TimeMgr.cs
  artifactKey: Guid(00b272eeadc93694ebbe4758908f72ec) Importer(815301076,1909f56bfc062723c751e8b465ee728b)
Start importing Assets/Scripts/TimeMgr.cs using Guid(00b272eeadc93694ebbe4758908f72ec) Importer(815301076,1909f56bfc062723c751e8b465ee728b)  -> (artifact id: '00000000000000000000000000000000') in 0.001008 seconds
  ERROR: Build asset version error: assets/scripts/timemgr.cs in SourceAssetDB has modification time of '2021-11-27T20:14:04.1080683Z' while content on disk has modification time of '2021-11-27T20:14:22.5237231Z'
  Import took 0.008935 seconds .

========================================================================
Received Import Request.
  Time since last request: 0.031070 seconds.
  path: Assets/Scripts/TimeMgr.cs
  artifactKey: Guid(00b272eeadc93694ebbe4758908f72ec) Importer(815301076,1909f56bfc062723c751e8b465ee728b)
Start importing Assets/Scripts/TimeMgr.cs using Guid(00b272eeadc93694ebbe4758908f72ec) Importer(815301076,1909f56bfc062723c751e8b465ee728b)  -> (artifact id: '00000000000000000000000000000000') in 0.003547 seconds
  ERROR: Build asset version error: assets/scripts/timemgr.cs in SourceAssetDB has modification time of '2021-11-27T20:14:04.1080683Z' while content on disk has modification time of '2021-11-27T20:14:22.5237231Z'
  Import took 0.008759 seconds .

========================================================================
Received Prepare
Registering precompiled user dll's ...
Registered in 0.014712 seconds.
Begin MonoManager ReloadAssembly
Native extension for WindowsStandalone target not found
Refreshing native plugins compatible for Editor in 0.61 ms, found 4 plugins.
Preloading 0 native plugins for Editor in 0.00 ms.
Mono: successfully reloaded assembly
- Completed reload, in  2.310 seconds
Platform modules already initialized, skipping
Shader 'Custom/Water': fallback shader 'Legacy Shaders/Transparent/Vertexlit' not found
Refreshing native plugins compatible for Editor in 0.75 ms, found 4 plugins.
Preloading 0 native plugins for Editor in 0.00 ms.
Unloading 1565 Unused Serialized files (Serialized files now loaded: 0)
System memory in use before: 75.3 MB.
System memory in use after: 75.4 MB.

Unloading 14 unused Assets to reduce memory usage. Loaded Objects now: 2029.
Total: 3.299100 ms (FindLiveObjects: 0.383800 ms CreateObjectMapping: 0.143700 ms MarkObjects: 2.664200 ms  DeleteObjects: 0.105200 ms)

========================================================================
Received Import Request.
  Time since last request: 9.921168 seconds.
  path: Assets/Scripts/TimeMgr.cs
  artifactKey: Guid(00b272eeadc93694ebbe4758908f72ec) Importer(815301076,1909f56bfc062723c751e8b465ee728b)
Start importing Assets/Scripts/TimeMgr.cs using Guid(00b272eeadc93694ebbe4758908f72ec) Importer(815301076,1909f56bfc062723c751e8b465ee728b)  -> (artifact id: '949f2e2ecf658d0975f81083603ced51') in 0.024237 seconds
  Import took 0.031584 seconds .

========================================================================
Received Prepare
Registering precompiled user dll's ...
Registered in 0.011641 seconds.
Begin MonoManager ReloadAssembly
Native extension for WindowsStandalone target not found
Refreshing native plugins compatible for Editor in 0.96 ms, found 4 plugins.
Preloading 0 native plugins for Editor in 0.00 ms.
Mono: successfully reloaded assembly
- Completed reload, in  3.566 seconds
Platform modules already initialized, skipping
Shader 'Custom/Water': fallback shader 'Legacy Shaders/Transparent/Vertexlit' not found
Refreshing native plugins compatible for Editor in 3.40 ms, found 4 plugins.
Preloading 0 native plugins for Editor in 0.00 ms.
Unloading 1565 Unused Serialized files (Serialized files now loaded: 0)
System memory in use before: 75.3 MB.
System memory in use after: 75.4 MB.

Unloading 14 unused Assets to reduce memory usage. Loaded Objects now: 2032.
Total: 5.362200 ms (FindLiveObjects: 0.484100 ms CreateObjectMapping: 0.807000 ms MarkObjects: 3.962600 ms  DeleteObjects: 0.105800 ms)

========================================================================
Received Prepare
Registering precompiled user dll's ...
Registered in 0.008781 seconds.
Begin MonoManager ReloadAssembly
Native extension for WindowsStandalone target not found
Refreshing native plugins compatible for Editor in 0.55 ms, found 4 plugins.
Preloading 0 native plugins for Editor in 0.00 ms.
Mono: successfully reloaded assembly
- Completed reload, in  5.028 seconds
Platform modules already initialized, skipping
Shader 'Custom/Water': fallback shader 'Legacy Shaders/Transparent/Vertexlit' not found
Refreshing native plugins compatible for Editor in 0.96 ms, found 4 plugins.
Preloading 0 native plugins for Editor in 0.00 ms.
Unloading 1565 Unused Serialized files (Serialized files now loaded: 0)
System memory in use before: 75.3 MB.
System memory in use after: 75.4 MB.

Unloading 14 unused Assets to reduce memory usage. Loaded Objects now: 2035.
Total: 5.628200 ms (FindLiveObjects: 1.089200 ms CreateObjectMapping: 0.296700 ms MarkObjects: 4.049300 ms  DeleteObjects: 0.189700 ms)

========================================================================
Received Prepare
Registering precompiled user dll's ...
Registered in 0.011832 seconds.
Begin MonoManager ReloadAssembly
Native extension for WindowsStandalone target not found
Refreshing native plugins compatible for Editor in 1.16 ms, found 4 plugins.
Preloading 0 native plugins for Editor in 0.00 ms.
Mono: successfully reloaded assembly
- Completed reload, in  3.463 seconds
Platform modules already initialized, skipping
Shader 'Custom/Water': fallback shader 'Legacy Shaders/Transparent/Vertexlit' not found
Refreshing native plugins compatible for Editor in 1.36 ms, found 4 plugins.
Preloading 0 native plugins for Editor in 0.00 ms.
Unloading 1565 Unused Serialized files (Serialized files now loaded: 0)
System memory in use before: 75.4 MB.
System memory in use after: 75.4 MB.

Unloading 14 unused Assets to reduce memory usage. Loaded Objects now: 2038.
Total: 9.461100 ms (FindLiveObjects: 0.764200 ms CreateObjectMapping: 0.234900 ms MarkObjects: 8.244300 ms  DeleteObjects: 0.215500 ms)

========================================================================
Received Prepare
Registering precompiled user dll's ...
Registered in 0.012682 seconds.
Begin MonoManager ReloadAssembly
Native extension for WindowsStandalone target not found
Refreshing native plugins compatible for Editor in 1.09 ms, found 4 plugins.
Preloading 0 native plugins for Editor in 0.00 ms.
Mono: successfully reloaded assembly
- Completed reload, in  1.941 seconds
Platform modules already initialized, skipping
Shader 'Custom/Water': fallback shader 'Legacy Shaders/Transparent/Vertexlit' not found
Refreshing native plugins compatible for Editor in 0.60 ms, found 4 plugins.
Preloading 0 native plugins for Editor in 0.00 ms.
Unloading 1565 Unused Serialized files (Serialized files now loaded: 0)
System memory in use before: 75.4 MB.
System memory in use after: 75.4 MB.

Unloading 14 unused Assets to reduce memory usage. Loaded Objects now: 2041.
Total: 6.288100 ms (FindLiveObjects: 1.870400 ms CreateObjectMapping: 0.273400 ms MarkObjects: 4.027500 ms  DeleteObjects: 0.112700 ms)

========================================================================
Received Prepare
Registering precompiled user dll's ...
Registered in 0.065333 seconds.
Begin MonoManager ReloadAssembly
Native extension for WindowsStandalone target not found
Refreshing native plugins compatible for Editor in 1.58 ms, found 4 plugins.
Preloading 0 native plugins for Editor in 0.00 ms.
Mono: successfully reloaded assembly
- Completed reload, in  7.062 seconds
Platform modules already initialized, skipping
Shader 'Custom/Water': fallback shader 'Legacy Shaders/Transparent/Vertexlit' not found
Refreshing native plugins compatible for Editor in 1.35 ms, found 4 plugins.
Preloading 0 native plugins for Editor in 0.00 ms.
Unloading 1565 Unused Serialized files (Serialized files now loaded: 0)
System memory in use before: 75.4 MB.
System memory in use after: 75.4 MB.

Unloading 14 unused Assets to reduce memory usage. Loaded Objects now: 2044.
Total: 23.872900 ms (FindLiveObjects: 3.844100 ms CreateObjectMapping: 0.296800 ms MarkObjects: 19.501500 ms  DeleteObjects: 0.226700 ms)

========================================================================
Received Import Request.
  Time since last request: 7302.248816 seconds.
  path: Assets/Scripts/SheetReader.cs
  artifactKey: Guid(b18bee347d14fe34da09ebdb1bdddf91) Importer(815301076,1909f56bfc062723c751e8b465ee728b)
Start importing Assets/Scripts/SheetReader.cs using Guid(b18bee347d14fe34da09ebdb1bdddf91) Importer(815301076,1909f56bfc062723c751e8b465ee728b)  -> (artifact id: '9c648baf6bf14e441f3913e6b8a45a0b') in 0.210410 seconds
  Import took 1.064819 seconds .

========================================================================
Received Prepare
Registering precompiled user dll's ...
Registered in 0.013848 seconds.
Begin MonoManager ReloadAssembly
Native extension for WindowsStandalone target not found
Refreshing native plugins compatible for Editor in 0.73 ms, found 4 plugins.
Preloading 0 native plugins for Editor in 0.00 ms.
Mono: successfully reloaded assembly
- Completed reload, in  2.886 seconds
Platform modules already initialized, skipping
Shader 'Custom/Water': fallback shader 'Legacy Shaders/Transparent/Vertexlit' not found
Refreshing native plugins compatible for Editor in 0.86 ms, found 4 plugins.
Preloading 0 native plugins for Editor in 0.00 ms.
Unloading 1566 Unused Serialized files (Serialized files now loaded: 0)
System memory in use before: 75.4 MB.
System memory in use after: 75.5 MB.

Unloading 14 unused Assets to reduce memory usage. Loaded Objects now: 2048.
Total: 4.929100 ms (FindLiveObjects: 1.621800 ms CreateObjectMapping: 0.204200 ms MarkObjects: 2.980100 ms  DeleteObjects: 0.119600 ms)

========================================================================
Received Prepare
Registering precompiled user dll's ...
Registered in 0.140243 seconds.
Begin MonoManager ReloadAssembly
Native extension for WindowsStandalone target not found
Refreshing native plugins compatible for Editor in 0.76 ms, found 4 plugins.
Preloading 0 native plugins for Editor in 0.00 ms.
Mono: successfully reloaded assembly
- Completed reload, in  3.040 seconds
Platform modules already initialized, skipping
Shader 'Custom/Water': fallback shader 'Legacy Shaders/Transparent/Vertexlit' not found
Refreshing native plugins compatible for Editor in 1.16 ms, found 4 plugins.
Preloading 0 native plugins for Editor in 0.00 ms.
Unloading 1566 Unused Serialized files (Serialized files now loaded: 0)
System memory in use before: 75.4 MB.
System memory in use after: 75.5 MB.

Unloading 14 unused Assets to reduce memory usage. Loaded Objects now: 2051.
Total: 11.418000 ms (FindLiveObjects: 0.774100 ms CreateObjectMapping: 0.280600 ms MarkObjects: 10.101800 ms  DeleteObjects: 0.258700 ms)

========================================================================
Received Import Request.
  Time since last request: 1796.291264 seconds.
  path: Assets/Scripts/CalculateTargets.cs
  artifactKey: Guid(c9f020cd0fe0a56459ffe76eb78065c8) Importer(815301076,1909f56bfc062723c751e8b465ee728b)
Start importing Assets/Scripts/CalculateTargets.cs using Guid(c9f020cd0fe0a56459ffe76eb78065c8) Importer(815301076,1909f56bfc062723c751e8b465ee728b)  -> (artifact id: '7fc2039f96818ab04e4f6ac3f35db14b') in 0.058933 seconds
  Import took 0.068634 seconds .

========================================================================
Received Import Request.
  Time since last request: 3.303139 seconds.
  path: Assets/Scripts/CalculateTargets.cs
  artifactKey: Guid(c9f020cd0fe0a56459ffe76eb78065c8) Importer(815301076,1909f56bfc062723c751e8b465ee728b)
Start importing Assets/Scripts/CalculateTargets.cs using Guid(c9f020cd0fe0a56459ffe76eb78065c8) Importer(815301076,1909f56bfc062723c751e8b465ee728b)  -> (artifact id: '7fc2039f96818ab04e4f6ac3f35db14b') in 0.011628 seconds
  Import took 0.024478 seconds .

========================================================================
Received Import Request.
  Time since last request: 0.236070 seconds.
  path: Assets/Scripts/SpineLookAt.cs
  artifactKey: Guid(347aaa95dd8c27f478f6848cd2f79851) Importer(815301076,1909f56bfc062723c751e8b465ee728b)
Start importing Assets/Scripts/SpineLookAt.cs using Guid(347aaa95dd8c27f478f6848cd2f79851) Importer(815301076,1909f56bfc062723c751e8b465ee728b)  -> (artifact id: '2999cf48997d2665e8dfb813ba04bae7') in 0.126795 seconds
  Import took 0.137036 seconds .

========================================================================
Received Import Request.
  Time since last request: 2.608366 seconds.
  path: Assets/Scripts/TimeMgr.cs
  artifactKey: Guid(00b272eeadc93694ebbe4758908f72ec) Importer(815301076,1909f56bfc062723c751e8b465ee728b)
Start importing Assets/Scripts/TimeMgr.cs using Guid(00b272eeadc93694ebbe4758908f72ec) Importer(815301076,1909f56bfc062723c751e8b465ee728b)  -> (artifact id: 'c3c4cb51687ca44bfec7c849ba6517da') in 0.020670 seconds
  Import took 0.030327 seconds .

========================================================================
Received Import Request.
  Time since last request: 0.004285 seconds.
  path: Assets/Scripts/TimeMgr.cs
  artifactKey: Guid(00b272eeadc93694ebbe4758908f72ec) Importer(815301076,1909f56bfc062723c751e8b465ee728b)
Start importing Assets/Scripts/TimeMgr.cs using Guid(00b272eeadc93694ebbe4758908f72ec) Importer(815301076,1909f56bfc062723c751e8b465ee728b)  -> (artifact id: 'c3c4cb51687ca44bfec7c849ba6517da') in 0.028054 seconds
  Import took 0.036639 seconds .

========================================================================
Received Import Request.
  Time since last request: 9.332014 seconds.
  path: Assets/Scripts/SheetReader.cs
  artifactKey: Guid(b18bee347d14fe34da09ebdb1bdddf91) Importer(815301076,1909f56bfc062723c751e8b465ee728b)
Start importing Assets/Scripts/SheetReader.cs using Guid(b18bee347d14fe34da09ebdb1bdddf91) Importer(815301076,1909f56bfc062723c751e8b465ee728b)  -> (artifact id: '3c922381c5c04bea2719c28a38744a41') in 0.040896 seconds
  Import took 0.052925 seconds .

========================================================================
Received Import Request.
  Time since last request: 10.679169 seconds.
  path: Assets/InputText
  artifactKey: Guid(65d42e99c12a5d848a23912d61b3a746) Importer(815301076,1909f56bfc062723c751e8b465ee728b)
Start importing Assets/InputText using Guid(65d42e99c12a5d848a23912d61b3a746) Importer(815301076,1909f56bfc062723c751e8b465ee728b)  -> (artifact id: '3062cf2465b4fc34df61626513a11513') in 0.036042 seconds
  Import took 0.043799 seconds .

========================================================================
Received Prepare
Registering precompiled user dll's ...
Registered in 0.012382 seconds.
Begin MonoManager ReloadAssembly
Native extension for WindowsStandalone target not found
Refreshing native plugins compatible for Editor in 1.09 ms, found 4 plugins.
Preloading 0 native plugins for Editor in 0.00 ms.
Mono: successfully reloaded assembly
- Completed reload, in  2.500 seconds
Platform modules already initialized, skipping
Shader 'Custom/Water': fallback shader 'Legacy Shaders/Transparent/Vertexlit' not found
Refreshing native plugins compatible for Editor in 0.50 ms, found 4 plugins.
Preloading 0 native plugins for Editor in 0.00 ms.
Unloading 1566 Unused Serialized files (Serialized files now loaded: 0)
System memory in use before: 75.4 MB.
System memory in use after: 75.5 MB.

Unloading 14 unused Assets to reduce memory usage. Loaded Objects now: 2054.
Total: 4.636200 ms (FindLiveObjects: 0.621000 ms CreateObjectMapping: 0.252300 ms MarkObjects: 3.574800 ms  DeleteObjects: 0.184900 ms)

========================================================================
Received Prepare
Registering precompiled user dll's ...
Registered in 0.008780 seconds.
Begin MonoManager ReloadAssembly
Native extension for WindowsStandalone target not found
Refreshing native plugins compatible for Editor in 0.74 ms, found 4 plugins.
Preloading 0 native plugins for Editor in 0.00 ms.
Mono: successfully reloaded assembly
- Completed reload, in  3.072 seconds
Platform modules already initialized, skipping
Shader 'Custom/Water': fallback shader 'Legacy Shaders/Transparent/Vertexlit' not found
Refreshing native plugins compatible for Editor in 1.45 ms, found 4 plugins.
Preloading 0 native plugins for Editor in 0.00 ms.
Unloading 1566 Unused Serialized files (Serialized files now loaded: 0)
System memory in use before: 75.4 MB.
System memory in use after: 75.5 MB.

Unloading 14 unused Assets to reduce memory usage. Loaded Objects now: 2057.
Total: 7.332500 ms (FindLiveObjects: 0.466300 ms CreateObjectMapping: 0.173500 ms MarkObjects: 6.457200 ms  DeleteObjects: 0.231700 ms)

========================================================================
Received Prepare
Registering precompiled user dll's ...
Registered in 0.042093 seconds.
Begin MonoManager ReloadAssembly
Native extension for WindowsStandalone target not found
Refreshing native plugins compatible for Editor in 4.41 ms, found 4 plugins.
Preloading 0 native plugins for Editor in 0.00 ms.
Mono: successfully reloaded assembly
- Completed reload, in  6.283 seconds
Platform modules already initialized, skipping
Shader 'Custom/Water': fallback shader 'Legacy Shaders/Transparent/Vertexlit' not found
Refreshing native plugins compatible for Editor in 2.17 ms, found 4 plugins.
Preloading 0 native plugins for Editor in 0.00 ms.
Unloading 1566 Unused Serialized files (Serialized files now loaded: 0)
System memory in use before: 75.4 MB.
System memory in use after: 75.5 MB.

Unloading 14 unused Assets to reduce memory usage. Loaded Objects now: 2060.
Total: 278.456200 ms (FindLiveObjects: 0.473900 ms CreateObjectMapping: 0.355500 ms MarkObjects: 277.436200 ms  DeleteObjects: 0.188400 ms)

========================================================================
Received Prepare
Registering precompiled user dll's ...
Registered in 0.203486 seconds.
Begin MonoManager ReloadAssembly
Native extension for WindowsStandalone target not found
Refreshing native plugins compatible for Editor in 2.57 ms, found 4 plugins.
Preloading 0 native plugins for Editor in 0.00 ms.
Mono: successfully reloaded assembly
- Completed reload, in  7.774 seconds
Platform modules already initialized, skipping
Shader 'Custom/Water': fallback shader 'Legacy Shaders/Transparent/Vertexlit' not found
Refreshing native plugins compatible for Editor in 1.28 ms, found 4 plugins.
Preloading 0 native plugins for Editor in 0.00 ms.
Unloading 1566 Unused Serialized files (Serialized files now loaded: 0)
System memory in use before: 75.4 MB.
System memory in use after: 75.5 MB.

Unloading 14 unused Assets to reduce memory usage. Loaded Objects now: 2063.
Total: 5.855700 ms (FindLiveObjects: 0.660800 ms CreateObjectMapping: 0.181100 ms MarkObjects: 4.823800 ms  DeleteObjects: 0.185300 ms)

========================================================================
Received Prepare
Registering precompiled user dll's ...
Registered in 0.008479 seconds.
Begin MonoManager ReloadAssembly
Native extension for WindowsStandalone target not found
Refreshing native plugins compatible for Editor in 0.66 ms, found 4 plugins.
Preloading 0 native plugins for Editor in 0.00 ms.
Mono: successfully reloaded assembly
- Completed reload, in  4.840 seconds
Platform modules already initialized, skipping
Shader 'Custom/Water': fallback shader 'Legacy Shaders/Transparent/Vertexlit' not found
Refreshing native plugins compatible for Editor in 0.85 ms, found 4 plugins.
Preloading 0 native plugins for Editor in 0.00 ms.
Unloading 1566 Unused Serialized files (Serialized files now loaded: 0)
System memory in use before: 75.4 MB.
System memory in use after: 75.5 MB.

Unloading 14 unused Assets to reduce memory usage. Loaded Objects now: 2066.
Total: 8.723100 ms (FindLiveObjects: 0.432300 ms CreateObjectMapping: 0.170200 ms MarkObjects: 7.900400 ms  DeleteObjects: 0.217400 ms)

========================================================================
Received Prepare
Registering precompiled user dll's ...
Registered in 0.033317 seconds.
Begin MonoManager ReloadAssembly
Native extension for WindowsStandalone target not found
Refreshing native plugins compatible for Editor in 1.72 ms, found 4 plugins.
Preloading 0 native plugins for Editor in 0.00 ms.
Mono: successfully reloaded assembly
- Completed reload, in  2.634 seconds
Platform modules already initialized, skipping
Shader 'Custom/Water': fallback shader 'Legacy Shaders/Transparent/Vertexlit' not found
Refreshing native plugins compatible for Editor in 1.34 ms, found 4 plugins.
Preloading 0 native plugins for Editor in 0.00 ms.
Unloading 1566 Unused Serialized files (Serialized files now loaded: 0)
System memory in use before: 75.4 MB.
System memory in use after: 75.5 MB.

Unloading 14 unused Assets to reduce memory usage. Loaded Objects now: 2069.
Total: 5.483900 ms (FindLiveObjects: 0.647300 ms CreateObjectMapping: 0.376000 ms MarkObjects: 4.286600 ms  DeleteObjects: 0.169900 ms)

========================================================================
Received Prepare
Registering precompiled user dll's ...
Registered in 0.286607 seconds.
Begin MonoManager ReloadAssembly
Native extension for WindowsStandalone target not found
Refreshing native plugins compatible for Editor in 1.21 ms, found 4 plugins.
Preloading 0 native plugins for Editor in 0.00 ms.
Mono: successfully reloaded assembly
- Completed reload, in  4.529 seconds
Platform modules already initialized, skipping
Shader 'Custom/Water': fallback shader 'Legacy Shaders/Transparent/Vertexlit' not found
Refreshing native plugins compatible for Editor in 0.93 ms, found 4 plugins.
Preloading 0 native plugins for Editor in 0.00 ms.
Unloading 1566 Unused Serialized files (Serialized files now loaded: 0)
System memory in use before: 75.4 MB.
System memory in use after: 75.5 MB.

Unloading 14 unused Assets to reduce memory usage. Loaded Objects now: 2072.
Total: 7.065200 ms (FindLiveObjects: 0.984900 ms CreateObjectMapping: 0.309000 ms MarkObjects: 5.578100 ms  DeleteObjects: 0.187500 ms)

========================================================================
Received Prepare
Registering precompiled user dll's ...
Registered in 0.012255 seconds.
Begin MonoManager ReloadAssembly
Native extension for WindowsStandalone target not found
Refreshing native plugins compatible for Editor in 0.92 ms, found 4 plugins.
Preloading 0 native plugins for Editor in 0.00 ms.
Mono: successfully reloaded assembly
- Completed reload, in  2.110 seconds
Platform modules already initialized, skipping
Shader 'Custom/Water': fallback shader 'Legacy Shaders/Transparent/Vertexlit' not found
Refreshing native plugins compatible for Editor in 2.31 ms, found 4 plugins.
Preloading 0 native plugins for Editor in 0.00 ms.
Unloading 1566 Unused Serialized files (Serialized files now loaded: 0)
System memory in use before: 75.5 MB.
System memory in use after: 75.5 MB.

Unloading 14 unused Assets to reduce memory usage. Loaded Objects now: 2075.
Total: 10.621300 ms (FindLiveObjects: 0.534300 ms CreateObjectMapping: 0.201600 ms MarkObjects: 9.740000 ms  DeleteObjects: 0.142800 ms)

========================================================================
Received Prepare
Registering precompiled user dll's ...
Registered in 0.010561 seconds.
Begin MonoManager ReloadAssembly
Native extension for WindowsStandalone target not found
Refreshing native plugins compatible for Editor in 1.03 ms, found 4 plugins.
Preloading 0 native plugins for Editor in 0.00 ms.
Mono: successfully reloaded assembly
- Completed reload, in  4.663 seconds
Platform modules already initialized, skipping
Shader 'Custom/Water': fallback shader 'Legacy Shaders/Transparent/Vertexlit' not found
Refreshing native plugins compatible for Editor in 0.59 ms, found 4 plugins.
Preloading 0 native plugins for Editor in 0.00 ms.
Unloading 1566 Unused Serialized files (Serialized files now loaded: 0)
System memory in use before: 75.5 MB.
System memory in use after: 75.5 MB.

Unloading 14 unused Assets to reduce memory usage. Loaded Objects now: 2078.
Total: 5.698800 ms (FindLiveObjects: 0.499400 ms CreateObjectMapping: 0.177400 ms MarkObjects: 4.880200 ms  DeleteObjects: 0.139500 ms)

========================================================================
Received Prepare
Registering precompiled user dll's ...
Registered in 0.007040 seconds.
Begin MonoManager ReloadAssembly
Native extension for WindowsStandalone target not found
Refreshing native plugins compatible for Editor in 1.04 ms, found 4 plugins.
Preloading 0 native plugins for Editor in 0.00 ms.
Mono: successfully reloaded assembly
- Completed reload, in  4.961 seconds
Platform modules already initialized, skipping
Shader 'Custom/Water': fallback shader 'Legacy Shaders/Transparent/Vertexlit' not found
Refreshing native plugins compatible for Editor in 0.98 ms, found 4 plugins.
Preloading 0 native plugins for Editor in 0.00 ms.
Unloading 1566 Unused Serialized files (Serialized files now loaded: 0)
System memory in use before: 75.5 MB.
System memory in use after: 75.5 MB.

Unloading 14 unused Assets to reduce memory usage. Loaded Objects now: 2081.
Total: 6.955200 ms (FindLiveObjects: 0.508900 ms CreateObjectMapping: 0.190600 ms MarkObjects: 6.009900 ms  DeleteObjects: 0.242100 ms)

========================================================================
Received Prepare
Registering precompiled user dll's ...
Registered in 0.007259 seconds.
Begin MonoManager ReloadAssembly
Native extension for WindowsStandalone target not found
Refreshing native plugins compatible for Editor in 3.78 ms, found 4 plugins.
Preloading 0 native plugins for Editor in 0.00 ms.
Mono: successfully reloaded assembly
- Completed reload, in  4.205 seconds
Platform modules already initialized, skipping
Shader 'Custom/Water': fallback shader 'Legacy Shaders/Transparent/Vertexlit' not found
Refreshing native plugins compatible for Editor in 0.67 ms, found 4 plugins.
Preloading 0 native plugins for Editor in 0.00 ms.
Unloading 1566 Unused Serialized files (Serialized files now loaded: 0)
System memory in use before: 75.5 MB.
System memory in use after: 75.5 MB.

Unloading 14 unused Assets to reduce memory usage. Loaded Objects now: 2084.
Total: 8.698700 ms (FindLiveObjects: 0.680000 ms CreateObjectMapping: 0.252500 ms MarkObjects: 7.621200 ms  DeleteObjects: 0.141700 ms)

========================================================================
Received Prepare
Registering precompiled user dll's ...
Registered in 0.009999 seconds.
Begin MonoManager ReloadAssembly
Native extension for WindowsStandalone target not found
Refreshing native plugins compatible for Editor in 1.12 ms, found 4 plugins.
Preloading 0 native plugins for Editor in 0.00 ms.
Mono: successfully reloaded assembly
- Completed reload, in  3.883 seconds
Platform modules already initialized, skipping
Shader 'Custom/Water': fallback shader 'Legacy Shaders/Transparent/Vertexlit' not found
Refreshing native plugins compatible for Editor in 0.58 ms, found 4 plugins.
Preloading 0 native plugins for Editor in 0.00 ms.
Unloading 1566 Unused Serialized files (Serialized files now loaded: 0)
System memory in use before: 75.5 MB.
System memory in use after: 75.6 MB.

Unloading 14 unused Assets to reduce memory usage. Loaded Objects now: 2087.
Total: 6.586000 ms (FindLiveObjects: 0.557700 ms CreateObjectMapping: 0.209400 ms MarkObjects: 5.655100 ms  DeleteObjects: 0.161400 ms)

========================================================================
Received Prepare
Registering precompiled user dll's ...
Registered in 0.007574 seconds.
Begin MonoManager ReloadAssembly
Native extension for WindowsStandalone target not found
Refreshing native plugins compatible for Editor in 1.00 ms, found 4 plugins.
Preloading 0 native plugins for Editor in 0.00 ms.
Mono: successfully reloaded assembly
- Completed reload, in  3.696 seconds
Platform modules already initialized, skipping
Shader 'Custom/Water': fallback shader 'Legacy Shaders/Transparent/Vertexlit' not found
Refreshing native plugins compatible for Editor in 1.19 ms, found 4 plugins.
Preloading 0 native plugins for Editor in 0.00 ms.
Unloading 1566 Unused Serialized files (Serialized files now loaded: 0)
System memory in use before: 75.5 MB.
System memory in use after: 75.6 MB.

Unloading 14 unused Assets to reduce memory usage. Loaded Objects now: 2090.
Total: 18.165600 ms (FindLiveObjects: 0.629300 ms CreateObjectMapping: 0.243500 ms MarkObjects: 17.114400 ms  DeleteObjects: 0.175000 ms)

========================================================================
Received Prepare
Registering precompiled user dll's ...
Registered in 0.009736 seconds.
Begin MonoManager ReloadAssembly
Native extension for WindowsStandalone target not found
Refreshing native plugins compatible for Editor in 1.08 ms, found 4 plugins.
Preloading 0 native plugins for Editor in 0.00 ms.
Mono: successfully reloaded assembly
- Completed reload, in  2.204 seconds
Platform modules already initialized, skipping
Shader 'Custom/Water': fallback shader 'Legacy Shaders/Transparent/Vertexlit' not found
Refreshing native plugins compatible for Editor in 1.13 ms, found 4 plugins.
Preloading 0 native plugins for Editor in 0.00 ms.
Unloading 1566 Unused Serialized files (Serialized files now loaded: 0)
System memory in use before: 75.5 MB.
System memory in use after: 75.6 MB.

Unloading 14 unused Assets to reduce memory usage. Loaded Objects now: 2093.
Total: 8.834700 ms (FindLiveObjects: 0.582400 ms CreateObjectMapping: 0.196500 ms MarkObjects: 7.853900 ms  DeleteObjects: 0.198400 ms)

========================================================================
Received Prepare
Registering precompiled user dll's ...
Registered in 0.009298 seconds.
Begin MonoManager ReloadAssembly
Native extension for WindowsStandalone target not found
Refreshing native plugins compatible for Editor in 1.54 ms, found 4 plugins.
Preloading 0 native plugins for Editor in 0.00 ms.
Mono: successfully reloaded assembly
- Completed reload, in  3.992 seconds
Platform modules already initialized, skipping
Shader 'Custom/Water': fallback shader 'Legacy Shaders/Transparent/Vertexlit' not found
Refreshing native plugins compatible for Editor in 0.98 ms, found 4 plugins.
Preloading 0 native plugins for Editor in 0.00 ms.
Unloading 1566 Unused Serialized files (Serialized files now loaded: 0)
System memory in use before: 75.5 MB.
System memory in use after: 75.6 MB.

Unloading 14 unused Assets to reduce memory usage. Loaded Objects now: 2096.
Total: 4.261600 ms (FindLiveObjects: 0.441400 ms CreateObjectMapping: 0.142700 ms MarkObjects: 3.517700 ms  DeleteObjects: 0.157300 ms)

========================================================================
Received Prepare
Registering precompiled user dll's ...
Registered in 0.007138 seconds.
Begin MonoManager ReloadAssembly
Native extension for WindowsStandalone target not found
Refreshing native plugins compatible for Editor in 1.02 ms, found 4 plugins.
Preloading 0 native plugins for Editor in 0.00 ms.
Mono: successfully reloaded assembly
- Completed reload, in  3.878 seconds
Platform modules already initialized, skipping
Shader 'Custom/Water': fallback shader 'Legacy Shaders/Transparent/Vertexlit' not found
Refreshing native plugins compatible for Editor in 10.91 ms, found 4 plugins.
Preloading 0 native plugins for Editor in 0.00 ms.
Unloading 1566 Unused Serialized files (Serialized files now loaded: 0)
System memory in use before: 75.5 MB.
System memory in use after: 75.6 MB.

Unloading 14 unused Assets to reduce memory usage. Loaded Objects now: 2099.
Total: 41.488400 ms (FindLiveObjects: 1.269600 ms CreateObjectMapping: 1.579300 ms MarkObjects: 38.137700 ms  DeleteObjects: 0.489100 ms)

========================================================================
Received Prepare
Registering precompiled user dll's ...
Registered in 0.010243 seconds.
Begin MonoManager ReloadAssembly
Native extension for WindowsStandalone target not found
Refreshing native plugins compatible for Editor in 0.58 ms, found 4 plugins.
Preloading 0 native plugins for Editor in 0.00 ms.
Mono: successfully reloaded assembly
- Completed reload, in  2.882 seconds
Platform modules already initialized, skipping
Shader 'Custom/Water': fallback shader 'Legacy Shaders/Transparent/Vertexlit' not found
Refreshing native plugins compatible for Editor in 1.54 ms, found 4 plugins.
Preloading 0 native plugins for Editor in 0.00 ms.
Unloading 1566 Unused Serialized files (Serialized files now loaded: 0)
System memory in use before: 75.5 MB.
System memory in use after: 75.6 MB.

Unloading 14 unused Assets to reduce memory usage. Loaded Objects now: 2102.
Total: 31.558900 ms (FindLiveObjects: 0.883000 ms CreateObjectMapping: 0.312300 ms MarkObjects: 30.176100 ms  DeleteObjects: 0.183200 ms)

========================================================================
Received Prepare
Registering precompiled user dll's ...
Registered in 0.013787 seconds.
Begin MonoManager ReloadAssembly
Native extension for WindowsStandalone target not found
Refreshing native plugins compatible for Editor in 1.62 ms, found 4 plugins.
Preloading 0 native plugins for Editor in 0.00 ms.
Mono: successfully reloaded assembly
- Completed reload, in  3.267 seconds
Platform modules already initialized, skipping
Shader 'Custom/Water': fallback shader 'Legacy Shaders/Transparent/Vertexlit' not found
Refreshing native plugins compatible for Editor in 0.98 ms, found 4 plugins.
Preloading 0 native plugins for Editor in 0.00 ms.
Unloading 1566 Unused Serialized files (Serialized files now loaded: 0)
System memory in use before: 75.5 MB.
System memory in use after: 75.6 MB.

Unloading 14 unused Assets to reduce memory usage. Loaded Objects now: 2105.
Total: 9.676700 ms (FindLiveObjects: 0.766700 ms CreateObjectMapping: 0.263700 ms MarkObjects: 8.494600 ms  DeleteObjects: 0.148300 ms)

========================================================================
Received Prepare
Registering precompiled user dll's ...
Registered in 0.005124 seconds.
Begin MonoManager ReloadAssembly
Native extension for WindowsStandalone target not found
Refreshing native plugins compatible for Editor in 0.76 ms, found 4 plugins.
Preloading 0 native plugins for Editor in 0.00 ms.
Mono: successfully reloaded assembly
- Completed reload, in  3.934 seconds
Platform modules already initialized, skipping
Shader 'Custom/Water': fallback shader 'Legacy Shaders/Transparent/Vertexlit' not found
Refreshing native plugins compatible for Editor in 2.00 ms, found 4 plugins.
Preloading 0 native plugins for Editor in 0.00 ms.
Unloading 1566 Unused Serialized files (Serialized files now loaded: 0)
System memory in use before: 75.5 MB.
System memory in use after: 75.6 MB.

Unloading 14 unused Assets to reduce memory usage. Loaded Objects now: 2108.
Total: 12.582800 ms (FindLiveObjects: 0.424600 ms CreateObjectMapping: 0.141000 ms MarkObjects: 11.695600 ms  DeleteObjects: 0.318300 ms)

========================================================================
Received Prepare
Registering precompiled user dll's ...
Registered in 0.008218 seconds.
Begin MonoManager ReloadAssembly
Native extension for WindowsStandalone target not found
Refreshing native plugins compatible for Editor in 4.96 ms, found 4 plugins.
Preloading 0 native plugins for Editor in 0.00 ms.
Mono: successfully reloaded assembly
- Completed reload, in  4.134 seconds
Platform modules already initialized, skipping
Shader 'Custom/Water': fallback shader 'Legacy Shaders/Transparent/Vertexlit' not found
Refreshing native plugins compatible for Editor in 0.95 ms, found 4 plugins.
Preloading 0 native plugins for Editor in 0.00 ms.
Unloading 1566 Unused Serialized files (Serialized files now loaded: 0)
System memory in use before: 75.5 MB.
System memory in use after: 75.6 MB.

Unloading 14 unused Assets to reduce memory usage. Loaded Objects now: 2111.
Total: 25.713000 ms (FindLiveObjects: 18.579800 ms CreateObjectMapping: 0.219100 ms MarkObjects: 6.734400 ms  DeleteObjects: 0.175500 ms)

========================================================================
Received Prepare
Registering precompiled user dll's ...
Registered in 0.011022 seconds.
Begin MonoManager ReloadAssembly
Native extension for WindowsStandalone target not found
Refreshing native plugins compatible for Editor in 1.81 ms, found 4 plugins.
Preloading 0 native plugins for Editor in 0.00 ms.
Mono: successfully reloaded assembly
- Completed reload, in  3.559 seconds
Platform modules already initialized, skipping
Shader 'Custom/Water': fallback shader 'Legacy Shaders/Transparent/Vertexlit' not found
Refreshing native plugins compatible for Editor in 0.86 ms, found 4 plugins.
Preloading 0 native plugins for Editor in 0.00 ms.
Unloading 1566 Unused Serialized files (Serialized files now loaded: 0)
System memory in use before: 75.5 MB.
System memory in use after: 75.6 MB.

Unloading 14 unused Assets to reduce memory usage. Loaded Objects now: 2114.
Total: 196.012000 ms (FindLiveObjects: 0.747700 ms CreateObjectMapping: 0.294700 ms MarkObjects: 194.801900 ms  DeleteObjects: 0.164600 ms)

========================================================================
Received Prepare
Registering precompiled user dll's ...
Registered in 0.270759 seconds.
Begin MonoManager ReloadAssembly
Native extension for WindowsStandalone target not found
Refreshing native plugins compatible for Editor in 0.78 ms, found 4 plugins.
Preloading 0 native plugins for Editor in 0.00 ms.
Mono: successfully reloaded assembly
- Completed reload, in  2.288 seconds
Platform modules already initialized, skipping
Shader 'Custom/Water': fallback shader 'Legacy Shaders/Transparent/Vertexlit' not found
Refreshing native plugins compatible for Editor in 0.98 ms, found 4 plugins.
Preloading 0 native plugins for Editor in 0.00 ms.
Unloading 1566 Unused Serialized files (Serialized files now loaded: 0)
System memory in use before: 75.5 MB.
System memory in use after: 75.6 MB.

Unloading 14 unused Assets to reduce memory usage. Loaded Objects now: 2117.
Total: 4.880400 ms (FindLiveObjects: 0.661100 ms CreateObjectMapping: 0.275600 ms MarkObjects: 3.792900 ms  DeleteObjects: 0.148000 ms)

========================================================================
Received Prepare
Registering precompiled user dll's ...
Registered in 0.013624 seconds.
Begin MonoManager ReloadAssembly
Native extension for WindowsStandalone target not found
Refreshing native plugins compatible for Editor in 1.07 ms, found 4 plugins.
Preloading 0 native plugins for Editor in 0.00 ms.
Mono: successfully reloaded assembly
- Completed reload, in  4.760 seconds
Platform modules already initialized, skipping
Shader 'Custom/Water': fallback shader 'Legacy Shaders/Transparent/Vertexlit' not found
Refreshing native plugins compatible for Editor in 3.20 ms, found 4 plugins.
Preloading 0 native plugins for Editor in 0.00 ms.
Unloading 1566 Unused Serialized files (Serialized files now loaded: 0)
System memory in use before: 75.5 MB.
System memory in use after: 75.6 MB.

Unloading 14 unused Assets to reduce memory usage. Loaded Objects now: 2120.
Total: 16.119700 ms (FindLiveObjects: 2.209200 ms CreateObjectMapping: 0.558100 ms MarkObjects: 13.199700 ms  DeleteObjects: 0.150300 ms)

========================================================================
Received Prepare
Registering precompiled user dll's ...
Registered in 0.011131 seconds.
Begin MonoManager ReloadAssembly
Native extension for WindowsStandalone target not found
Refreshing native plugins compatible for Editor in 1.73 ms, found 4 plugins.
Preloading 0 native plugins for Editor in 0.00 ms.
Mono: successfully reloaded assembly
- Completed reload, in  2.013 seconds
Platform modules already initialized, skipping
Shader 'Custom/Water': fallback shader 'Legacy Shaders/Transparent/Vertexlit' not found
Refreshing native plugins compatible for Editor in 0.95 ms, found 4 plugins.
Preloading 0 native plugins for Editor in 0.00 ms.
Unloading 1566 Unused Serialized files (Serialized files now loaded: 0)
System memory in use before: 75.5 MB.
System memory in use after: 75.6 MB.

Unloading 14 unused Assets to reduce memory usage. Loaded Objects now: 2123.
Total: 6.878500 ms (FindLiveObjects: 0.619800 ms CreateObjectMapping: 0.226200 ms MarkObjects: 5.881300 ms  DeleteObjects: 0.146900 ms)

========================================================================
Received Prepare
Registering precompiled user dll's ...
Registered in 0.022088 seconds.
Begin MonoManager ReloadAssembly
Native extension for WindowsStandalone target not found
Refreshing native plugins compatible for Editor in 3.48 ms, found 4 plugins.
Preloading 0 native plugins for Editor in 0.00 ms.
Mono: successfully reloaded assembly
- Completed reload, in  4.954 seconds
Platform modules already initialized, skipping
Shader 'Custom/Water': fallback shader 'Legacy Shaders/Transparent/Vertexlit' not found
Refreshing native plugins compatible for Editor in 1.22 ms, found 4 plugins.
Preloading 0 native plugins for Editor in 0.00 ms.
Unloading 1566 Unused Serialized files (Serialized files now loaded: 0)
System memory in use before: 75.5 MB.
System memory in use after: 75.6 MB.

Unloading 14 unused Assets to reduce memory usage. Loaded Objects now: 2126.
Total: 3.880300 ms (FindLiveObjects: 0.655700 ms CreateObjectMapping: 0.272400 ms MarkObjects: 2.802200 ms  DeleteObjects: 0.146500 ms)

========================================================================
Received Prepare
Registering precompiled user dll's ...
Registered in 0.008589 seconds.
Begin MonoManager ReloadAssembly
Native extension for WindowsStandalone target not found
Refreshing native plugins compatible for Editor in 1.84 ms, found 4 plugins.
Preloading 0 native plugins for Editor in 0.00 ms.
Mono: successfully reloaded assembly
- Completed reload, in  3.811 seconds
Platform modules already initialized, skipping
Shader 'Custom/Water': fallback shader 'Legacy Shaders/Transparent/Vertexlit' not found
Refreshing native plugins compatible for Editor in 4.89 ms, found 4 plugins.
Preloading 0 native plugins for Editor in 0.00 ms.
Unloading 1566 Unused Serialized files (Serialized files now loaded: 0)
System memory in use before: 75.5 MB.
System memory in use after: 75.6 MB.

Unloading 14 unused Assets to reduce memory usage. Loaded Objects now: 2129.
Total: 10.538900 ms (FindLiveObjects: 0.805800 ms CreateObjectMapping: 0.478700 ms MarkObjects: 9.076700 ms  DeleteObjects: 0.175300 ms)

========================================================================
Received Prepare
Registering precompiled user dll's ...
Registered in 0.013959 seconds.
Begin MonoManager ReloadAssembly
Native extension for WindowsStandalone target not found
Refreshing native plugins compatible for Editor in 1.55 ms, found 4 plugins.
Preloading 0 native plugins for Editor in 0.00 ms.
Mono: successfully reloaded assembly
- Completed reload, in  5.711 seconds
Platform modules already initialized, skipping
Shader 'Custom/Water': fallback shader 'Legacy Shaders/Transparent/Vertexlit' not found
Refreshing native plugins compatible for Editor in 1.18 ms, found 4 plugins.
Preloading 0 native plugins for Editor in 0.00 ms.
Unloading 1566 Unused Serialized files (Serialized files now loaded: 0)
System memory in use before: 75.6 MB.
System memory in use after: 75.6 MB.

Unloading 14 unused Assets to reduce memory usage. Loaded Objects now: 2132.
Total: 12.242200 ms (FindLiveObjects: 1.216600 ms CreateObjectMapping: 0.262500 ms MarkObjects: 8.393500 ms  DeleteObjects: 2.364900 ms)

========================================================================
Received Prepare
Registering precompiled user dll's ...
Registered in 0.008781 seconds.
Begin MonoManager ReloadAssembly
Native extension for WindowsStandalone target not found
Refreshing native plugins compatible for Editor in 1.34 ms, found 4 plugins.
Preloading 0 native plugins for Editor in 0.00 ms.
Mono: successfully reloaded assembly
- Completed reload, in  4.336 seconds
Platform modules already initialized, skipping
Shader 'Custom/Water': fallback shader 'Legacy Shaders/Transparent/Vertexlit' not found
Refreshing native plugins compatible for Editor in 2.96 ms, found 4 plugins.
Preloading 0 native plugins for Editor in 0.00 ms.
Unloading 1566 Unused Serialized files (Serialized files now loaded: 0)
System memory in use before: 75.6 MB.
System memory in use after: 75.6 MB.

Unloading 14 unused Assets to reduce memory usage. Loaded Objects now: 2135.
Total: 15.804500 ms (FindLiveObjects: 3.490800 ms CreateObjectMapping: 0.983000 ms MarkObjects: 11.166300 ms  DeleteObjects: 0.161600 ms)

========================================================================
Received Prepare
Registering precompiled user dll's ...
Registered in 0.011653 seconds.
Begin MonoManager ReloadAssembly
Native extension for WindowsStandalone target not found
Refreshing native plugins compatible for Editor in 1.01 ms, found 4 plugins.
Preloading 0 native plugins for Editor in 0.00 ms.
Mono: successfully reloaded assembly
- Completed reload, in  2.141 seconds
Platform modules already initialized, skipping
Shader 'Custom/Water': fallback shader 'Legacy Shaders/Transparent/Vertexlit' not found
Refreshing native plugins compatible for Editor in 0.97 ms, found 4 plugins.
Preloading 0 native plugins for Editor in 0.00 ms.
Unloading 1566 Unused Serialized files (Serialized files now loaded: 0)
System memory in use before: 75.6 MB.
System memory in use after: 75.6 MB.

Unloading 14 unused Assets to reduce memory usage. Loaded Objects now: 2138.
Total: 4.677800 ms (FindLiveObjects: 0.536900 ms CreateObjectMapping: 0.184100 ms MarkObjects: 3.734800 ms  DeleteObjects: 0.217200 ms)

========================================================================
Received Prepare
Registering precompiled user dll's ...
Registered in 0.015766 seconds.
Begin MonoManager ReloadAssembly
Native extension for WindowsStandalone target not found
Refreshing native plugins compatible for Editor in 0.87 ms, found 4 plugins.
Preloading 0 native plugins for Editor in 0.00 ms.
Mono: successfully reloaded assembly
- Completed reload, in  4.341 seconds
Platform modules already initialized, skipping
Shader 'Custom/Water': fallback shader 'Legacy Shaders/Transparent/Vertexlit' not found
Refreshing native plugins compatible for Editor in 2.46 ms, found 4 plugins.
Preloading 0 native plugins for Editor in 0.00 ms.
Unloading 1566 Unused Serialized files (Serialized files now loaded: 0)
System memory in use before: 75.6 MB.
System memory in use after: 75.7 MB.

Unloading 14 unused Assets to reduce memory usage. Loaded Objects now: 2141.
Total: 7.210100 ms (FindLiveObjects: 2.652400 ms CreateObjectMapping: 0.511700 ms MarkObjects: 3.869300 ms  DeleteObjects: 0.173200 ms)

========================================================================
Received Prepare
Registering precompiled user dll's ...
Registered in 0.011126 seconds.
Begin MonoManager ReloadAssembly
Native extension for WindowsStandalone target not found
Refreshing native plugins compatible for Editor in 1.11 ms, found 4 plugins.
Preloading 0 native plugins for Editor in 0.00 ms.
Mono: successfully reloaded assembly
- Completed reload, in  5.612 seconds
Platform modules already initialized, skipping
Shader 'Custom/Water': fallback shader 'Legacy Shaders/Transparent/Vertexlit' not found
Refreshing native plugins compatible for Editor in 0.86 ms, found 4 plugins.
Preloading 0 native plugins for Editor in 0.00 ms.
Unloading 1566 Unused Serialized files (Serialized files now loaded: 0)
System memory in use before: 75.6 MB.
System memory in use after: 75.7 MB.

Unloading 14 unused Assets to reduce memory usage. Loaded Objects now: 2144.
Total: 4.586900 ms (FindLiveObjects: 0.862900 ms CreateObjectMapping: 0.172800 ms MarkObjects: 3.396200 ms  DeleteObjects: 0.151100 ms)

========================================================================
Received Prepare
Registering precompiled user dll's ...
Registered in 0.012967 seconds.
Begin MonoManager ReloadAssembly
Native extension for WindowsStandalone target not found
Refreshing native plugins compatible for Editor in 1.28 ms, found 4 plugins.
Preloading 0 native plugins for Editor in 0.00 ms.
Mono: successfully reloaded assembly
- Completed reload, in  3.631 seconds
Platform modules already initialized, skipping
Shader 'Custom/Water': fallback shader 'Legacy Shaders/Transparent/Vertexlit' not found
Refreshing native plugins compatible for Editor in 24.56 ms, found 4 plugins.
Preloading 0 native plugins for Editor in 0.00 ms.
Unloading 1566 Unused Serialized files (Serialized files now loaded: 0)
System memory in use before: 75.6 MB.
System memory in use after: 75.7 MB.

Unloading 14 unused Assets to reduce memory usage. Loaded Objects now: 2147.
Total: 13.332200 ms (FindLiveObjects: 0.405300 ms CreateObjectMapping: 0.148700 ms MarkObjects: 12.566200 ms  DeleteObjects: 0.209400 ms)

========================================================================
Received Prepare
Registering precompiled user dll's ...
Registered in 0.023238 seconds.
Begin MonoManager ReloadAssembly
Native extension for WindowsStandalone target not found
Refreshing native plugins compatible for Editor in 4.39 ms, found 4 plugins.
Preloading 0 native plugins for Editor in 0.00 ms.
Mono: successfully reloaded assembly
- Completed reload, in  5.082 seconds
Platform modules already initialized, skipping
Shader 'Custom/Water': fallback shader 'Legacy Shaders/Transparent/Vertexlit' not found
Refreshing native plugins compatible for Editor in 1.56 ms, found 4 plugins.
Preloading 0 native plugins for Editor in 0.00 ms.
Unloading 1566 Unused Serialized files (Serialized files now loaded: 0)
System memory in use before: 75.6 MB.
System memory in use after: 75.7 MB.

Unloading 14 unused Assets to reduce memory usage. Loaded Objects now: 2150.
Total: 4.820600 ms (FindLiveObjects: 0.508500 ms CreateObjectMapping: 0.167000 ms MarkObjects: 3.989200 ms  DeleteObjects: 0.152500 ms)

========================================================================
Received Prepare
Registering precompiled user dll's ...
Registered in 0.010757 seconds.
Begin MonoManager ReloadAssembly
Native extension for WindowsStandalone target not found
Refreshing native plugins compatible for Editor in 1.26 ms, found 4 plugins.
Preloading 0 native plugins for Editor in 0.00 ms.
Mono: successfully reloaded assembly
- Completed reload, in  4.410 seconds
Platform modules already initialized, skipping
Shader 'Custom/Water': fallback shader 'Legacy Shaders/Transparent/Vertexlit' not found
Refreshing native plugins compatible for Editor in 6.48 ms, found 4 plugins.
Preloading 0 native plugins for Editor in 0.00 ms.
Unloading 1566 Unused Serialized files (Serialized files now loaded: 0)
System memory in use before: 75.6 MB.
System memory in use after: 75.7 MB.

Unloading 14 unused Assets to reduce memory usage. Loaded Objects now: 2153.
Total: 6.838100 ms (FindLiveObjects: 0.812000 ms CreateObjectMapping: 0.689500 ms MarkObjects: 5.158800 ms  DeleteObjects: 0.174900 ms)

========================================================================
Received Prepare
Registering precompiled user dll's ...
Registered in 0.006762 seconds.
Begin MonoManager ReloadAssembly
Native extension for WindowsStandalone target not found
Refreshing native plugins compatible for Editor in 1.53 ms, found 4 plugins.
Preloading 0 native plugins for Editor in 0.00 ms.
Mono: successfully reloaded assembly
- Completed reload, in  4.077 seconds
Platform modules already initialized, skipping
Shader 'Custom/Water': fallback shader 'Legacy Shaders/Transparent/Vertexlit' not found
Refreshing native plugins compatible for Editor in 3.29 ms, found 4 plugins.
Preloading 0 native plugins for Editor in 0.00 ms.
Unloading 1566 Unused Serialized files (Serialized files now loaded: 0)
System memory in use before: 75.6 MB.
System memory in use after: 75.7 MB.

Unloading 14 unused Assets to reduce memory usage. Loaded Objects now: 2156.
Total: 6.229500 ms (FindLiveObjects: 0.473300 ms CreateObjectMapping: 0.180700 ms MarkObjects: 5.397000 ms  DeleteObjects: 0.176100 ms)

========================================================================
Received Prepare
Registering precompiled user dll's ...
Registered in 0.006440 seconds.
Begin MonoManager ReloadAssembly
Native extension for WindowsStandalone target not found
Refreshing native plugins compatible for Editor in 0.98 ms, found 4 plugins.
Preloading 0 native plugins for Editor in 0.00 ms.
Mono: successfully reloaded assembly
- Completed reload, in  2.775 seconds
Platform modules already initialized, skipping
Shader 'Custom/Water': fallback shader 'Legacy Shaders/Transparent/Vertexlit' not found
Refreshing native plugins compatible for Editor in 1.04 ms, found 4 plugins.
Preloading 0 native plugins for Editor in 0.00 ms.
Unloading 1566 Unused Serialized files (Serialized files now loaded: 0)
System memory in use before: 75.6 MB.
System memory in use after: 75.7 MB.

Unloading 14 unused Assets to reduce memory usage. Loaded Objects now: 2159.
Total: 3.633700 ms (FindLiveObjects: 0.318700 ms CreateObjectMapping: 0.151300 ms MarkObjects: 3.017700 ms  DeleteObjects: 0.143400 ms)

AssetImportWorkerClient::OnTransportError - code=2 error=End of file
