Using pre-set license
Built from '2020.3/staging' branch; Version is '2020.3.4f1 (0abb6314276a) revision 703331'; Using compiler version '192528614'; Build Type 'Release'
OS: 'Windows 10 Pro; OS build 19041.1237; Version 2004; 64bit' Language: 'ko' Physical Memory: 16339 MB
BatchMode: 1, IsHumanControllingUs: 0, StartBugReporterOnCrash: 0, Is64bit: 1, IsPro: 0

 COMMAND LINE ARGUMENTS:
C:\Program Files\2020.3.4f1\Editor\Unity.exe
-adb2
-batchMode
-noUpm
-name
AssetImportWorker0
-projectPath
C:/Users/Jaehee Choi/Desktop/SaveMeIK
-logFile
Logs/AssetImportWorker0.log
-srvPort
13380
Successfully changed project path to: C:/Users/Jaehee Choi/Desktop/SaveMeIK
C:/Users/Jaehee Choi/Desktop/SaveMeIK
Using Asset Import Pipeline V2.
Refreshing native plugins compatible for Editor in 76.01 ms, found 4 plugins.
Preloading 0 native plugins for Editor in 0.00 ms.
Initialize engine version: 2020.3.4f1 (0abb6314276a)
[Subsystems] Discovering subsystems at path C:/Program Files/2020.3.4f1/Editor/Data/Resources/UnitySubsystems
[Subsystems] Discovering subsystems at path C:/Users/Jaehee Choi/Desktop/SaveMeIK/Assets
GfxDevice: creating device client; threaded=0
Direct3D:
    Version:  Direct3D 11.0 [level 11.1]
    Renderer: NVIDIA GeForce GTX 1060 (ID=0x1c60)
    Vendor:   
    VRAM:     6052 MB
    Driver:   27.21.14.6677
Shader 'Custom/Water': fallback shader 'Legacy Shaders/Transparent/Vertexlit' not found
Initialize mono
Mono path[0] = 'C:/Program Files/2020.3.4f1/Editor/Data/Managed'
Mono path[1] = 'C:/Program Files/2020.3.4f1/Editor/Data/MonoBleedingEdge/lib/mono/unityjit'
Mono config path = 'C:/Program Files/2020.3.4f1/Editor/Data/MonoBleedingEdge/etc'
Using monoOptions --debugger-agent=transport=dt_socket,embedding=1,server=y,suspend=n,address=127.0.0.1:56724
Begin MonoManager ReloadAssembly
Registering precompiled unity dll's ...
Register platform support module: C:/Program Files/2020.3.4f1/Editor/Data/PlaybackEngines/WindowsStandaloneSupport/UnityEditor.WindowsStandalone.Extensions.dll
Registered in 0.007669 seconds.
Native extension for WindowsStandalone target not found
Refreshing native plugins compatible for Editor in 137.30 ms, found 4 plugins.
Preloading 0 native plugins for Editor in 0.00 ms.
Unable to find bridge dll in registry for Microsoft Visual Studio Tools for Unity for C:\Program Files (x86)\Microsoft Visual Studio\2017\Community\Common7\IDE\devenv.exe
Mono: successfully reloaded assembly
- Completed reload, in  2.243 seconds
Platform modules already initialized, skipping
Registering precompiled user dll's ...
Registered in 0.005561 seconds.
Begin MonoManager ReloadAssembly
Native extension for WindowsStandalone target not found
Refreshing native plugins compatible for Editor in 1.00 ms, found 4 plugins.
Preloading 0 native plugins for Editor in 0.00 ms.
Mono: successfully reloaded assembly
- Completed reload, in  1.428 seconds
Platform modules already initialized, skipping
========================================================================
Worker process is ready to serve import requests
Shader 'Custom/Water': fallback shader 'Legacy Shaders/Transparent/Vertexlit' not found
Launched and connected shader compiler UnityShaderCompiler.exe after 0.10 seconds
Refreshing native plugins compatible for Editor in 0.41 ms, found 4 plugins.
Preloading 0 native plugins for Editor in 0.00 ms.
Unloading 1587 Unused Serialized files (Serialized files now loaded: 0)
System memory in use before: 76.6 MB.
System memory in use after: 76.7 MB.

Unloading 19 unused Assets to reduce memory usage. Loaded Objects now: 2023.
Total: 2.866600 ms (FindLiveObjects: 0.614500 ms CreateObjectMapping: 0.261800 ms MarkObjects: 1.847600 ms  DeleteObjects: 0.139300 ms)

========================================================================
Received Import Request.
  path: Assets/Scripts/KeyManager.cs
  artifactKey: Guid(968aa28c0deef024d95f9de55b17ae9d) Importer(815301076,1909f56bfc062723c751e8b465ee728b)
Start importing Assets/Scripts/KeyManager.cs using Guid(968aa28c0deef024d95f9de55b17ae9d) Importer(815301076,1909f56bfc062723c751e8b465ee728b)  -> (artifact id: '963a2e671bbf45913a1605a52df1c20e') in 0.131050 seconds
  Import took 0.134882 seconds .

========================================================================
Received Prepare
Registering precompiled user dll's ...
Registered in 0.011710 seconds.
Begin MonoManager ReloadAssembly
Native extension for WindowsStandalone target not found
Refreshing native plugins compatible for Editor in 0.57 ms, found 4 plugins.
Preloading 0 native plugins for Editor in 0.00 ms.
Mono: successfully reloaded assembly
- Completed reload, in  1.635 seconds
Platform modules already initialized, skipping
Shader 'Custom/Water': fallback shader 'Legacy Shaders/Transparent/Vertexlit' not found
Refreshing native plugins compatible for Editor in 0.62 ms, found 4 plugins.
Preloading 0 native plugins for Editor in 0.00 ms.
Unloading 1562 Unused Serialized files (Serialized files now loaded: 0)
System memory in use before: 74.6 MB.
System memory in use after: 74.7 MB.

Unloading 14 unused Assets to reduce memory usage. Loaded Objects now: 2026.
Total: 3.259500 ms (FindLiveObjects: 0.611100 ms CreateObjectMapping: 0.105900 ms MarkObjects: 2.388900 ms  DeleteObjects: 0.151200 ms)

========================================================================
Received Prepare
Registering precompiled user dll's ...
Registered in 0.005796 seconds.
Begin MonoManager ReloadAssembly
Native extension for WindowsStandalone target not found
Refreshing native plugins compatible for Editor in 0.68 ms, found 4 plugins.
Preloading 0 native plugins for Editor in 0.00 ms.
Mono: successfully reloaded assembly
- Completed reload, in  1.604 seconds
Platform modules already initialized, skipping
Shader 'Custom/Water': fallback shader 'Legacy Shaders/Transparent/Vertexlit' not found
Refreshing native plugins compatible for Editor in 0.68 ms, found 4 plugins.
Preloading 0 native plugins for Editor in 0.00 ms.
Unloading 1562 Unused Serialized files (Serialized files now loaded: 0)
System memory in use before: 74.6 MB.
System memory in use after: 74.7 MB.

Unloading 14 unused Assets to reduce memory usage. Loaded Objects now: 2029.
Total: 2.531300 ms (FindLiveObjects: 0.449100 ms CreateObjectMapping: 0.138400 ms MarkObjects: 1.828400 ms  DeleteObjects: 0.096000 ms)

========================================================================
Received Prepare
Registering precompiled user dll's ...
Registered in 0.007428 seconds.
Begin MonoManager ReloadAssembly
Native extension for WindowsStandalone target not found
Refreshing native plugins compatible for Editor in 0.56 ms, found 4 plugins.
Preloading 0 native plugins for Editor in 0.00 ms.
Mono: successfully reloaded assembly
- Completed reload, in  2.088 seconds
Platform modules already initialized, skipping
Shader 'Custom/Water': fallback shader 'Legacy Shaders/Transparent/Vertexlit' not found
Refreshing native plugins compatible for Editor in 0.80 ms, found 4 plugins.
Preloading 0 native plugins for Editor in 0.00 ms.
Unloading 1562 Unused Serialized files (Serialized files now loaded: 0)
System memory in use before: 74.6 MB.
System memory in use after: 74.7 MB.

Unloading 14 unused Assets to reduce memory usage. Loaded Objects now: 2032.
Total: 3.355200 ms (FindLiveObjects: 0.314200 ms CreateObjectMapping: 0.088500 ms MarkObjects: 2.839900 ms  DeleteObjects: 0.110600 ms)

========================================================================
Received Prepare
Registering precompiled user dll's ...
Registered in 0.007605 seconds.
Begin MonoManager ReloadAssembly
Native extension for WindowsStandalone target not found
Refreshing native plugins compatible for Editor in 0.50 ms, found 4 plugins.
Preloading 0 native plugins for Editor in 0.00 ms.
Mono: successfully reloaded assembly
- Completed reload, in  2.188 seconds
Platform modules already initialized, skipping
Shader 'Custom/Water': fallback shader 'Legacy Shaders/Transparent/Vertexlit' not found
Refreshing native plugins compatible for Editor in 1.11 ms, found 4 plugins.
Preloading 0 native plugins for Editor in 0.00 ms.
Unloading 1562 Unused Serialized files (Serialized files now loaded: 0)
System memory in use before: 74.7 MB.
System memory in use after: 74.7 MB.

Unloading 14 unused Assets to reduce memory usage. Loaded Objects now: 2035.
Total: 3.192800 ms (FindLiveObjects: 0.323200 ms CreateObjectMapping: 0.089800 ms MarkObjects: 2.630400 ms  DeleteObjects: 0.146500 ms)

========================================================================
Received Prepare
Registering precompiled user dll's ...
Registered in 0.004446 seconds.
Begin MonoManager ReloadAssembly
Native extension for WindowsStandalone target not found
Refreshing native plugins compatible for Editor in 1.01 ms, found 4 plugins.
Preloading 0 native plugins for Editor in 0.00 ms.
Mono: successfully reloaded assembly
- Completed reload, in  1.643 seconds
Platform modules already initialized, skipping
Shader 'Custom/Water': fallback shader 'Legacy Shaders/Transparent/Vertexlit' not found
Refreshing native plugins compatible for Editor in 0.94 ms, found 4 plugins.
Preloading 0 native plugins for Editor in 0.00 ms.
Unloading 1562 Unused Serialized files (Serialized files now loaded: 0)
System memory in use before: 74.7 MB.
System memory in use after: 74.7 MB.

Unloading 14 unused Assets to reduce memory usage. Loaded Objects now: 2038.
Total: 4.733700 ms (FindLiveObjects: 0.362700 ms CreateObjectMapping: 0.158700 ms MarkObjects: 3.873600 ms  DeleteObjects: 0.334200 ms)

========================================================================
Received Import Request.
  Time since last request: 23641.391907 seconds.
  path: Assets/prefab/blackKey.prefab
  artifactKey: Guid(51e35788a51faa54e9d77e87a61bd4e6) Importer(815301076,1909f56bfc062723c751e8b465ee728b)
Start importing Assets/prefab/blackKey.prefab using Guid(51e35788a51faa54e9d77e87a61bd4e6) Importer(815301076,1909f56bfc062723c751e8b465ee728b)  -> (artifact id: '90b4635bfc305e1a60bb3b47e5f895e1') in 0.197537 seconds
  Import took 0.207482 seconds .

========================================================================
Received Prepare
Registering precompiled user dll's ...
Registered in 0.004661 seconds.
Begin MonoManager ReloadAssembly
Native extension for WindowsStandalone target not found
Refreshing native plugins compatible for Editor in 0.85 ms, found 4 plugins.
Preloading 0 native plugins for Editor in 0.00 ms.
Mono: successfully reloaded assembly
- Completed reload, in  1.733 seconds
Platform modules already initialized, skipping
Shader 'Custom/Water': fallback shader 'Legacy Shaders/Transparent/Vertexlit' not found
Refreshing native plugins compatible for Editor in 1.67 ms, found 4 plugins.
Preloading 0 native plugins for Editor in 0.00 ms.
Unloading 1562 Unused Serialized files (Serialized files now loaded: 0)
System memory in use before: 77.8 MB.
System memory in use after: 77.9 MB.

Unloading 15 unused Assets to reduce memory usage. Loaded Objects now: 2049.
Total: 2.187500 ms (FindLiveObjects: 0.256100 ms CreateObjectMapping: 0.068100 ms MarkObjects: 1.768800 ms  DeleteObjects: 0.093300 ms)

========================================================================
Received Prepare
Registering precompiled user dll's ...
Registered in 0.005046 seconds.
Begin MonoManager ReloadAssembly
Native extension for WindowsStandalone target not found
Refreshing native plugins compatible for Editor in 3.13 ms, found 4 plugins.
Preloading 0 native plugins for Editor in 0.00 ms.
Mono: successfully reloaded assembly
- Completed reload, in  2.151 seconds
Platform modules already initialized, skipping
Shader 'Custom/Water': fallback shader 'Legacy Shaders/Transparent/Vertexlit' not found
Refreshing native plugins compatible for Editor in 1.53 ms, found 4 plugins.
Preloading 0 native plugins for Editor in 0.00 ms.
Unloading 1562 Unused Serialized files (Serialized files now loaded: 0)
System memory in use before: 77.8 MB.
System memory in use after: 77.9 MB.

Unloading 14 unused Assets to reduce memory usage. Loaded Objects now: 2052.
Total: 11.005300 ms (FindLiveObjects: 0.522000 ms CreateObjectMapping: 0.218700 ms MarkObjects: 10.143700 ms  DeleteObjects: 0.117500 ms)

========================================================================
Received Prepare
Registering precompiled user dll's ...
Registered in 0.007846 seconds.
Begin MonoManager ReloadAssembly
Native extension for WindowsStandalone target not found
Refreshing native plugins compatible for Editor in 2.55 ms, found 4 plugins.
Preloading 0 native plugins for Editor in 0.00 ms.
Mono: successfully reloaded assembly
- Completed reload, in  2.640 seconds
Platform modules already initialized, skipping
Shader 'Custom/Water': fallback shader 'Legacy Shaders/Transparent/Vertexlit' not found
Refreshing native plugins compatible for Editor in 1.57 ms, found 4 plugins.
Preloading 0 native plugins for Editor in 0.00 ms.
Unloading 1562 Unused Serialized files (Serialized files now loaded: 0)
System memory in use before: 77.8 MB.
System memory in use after: 77.9 MB.

Unloading 14 unused Assets to reduce memory usage. Loaded Objects now: 2055.
Total: 19.592000 ms (FindLiveObjects: 1.256800 ms CreateObjectMapping: 0.633800 ms MarkObjects: 17.505900 ms  DeleteObjects: 0.192000 ms)

========================================================================
Received Prepare
Registering precompiled user dll's ...
Registered in 0.006389 seconds.
Begin MonoManager ReloadAssembly
Native extension for WindowsStandalone target not found
Refreshing native plugins compatible for Editor in 0.62 ms, found 4 plugins.
Preloading 0 native plugins for Editor in 0.00 ms.
Mono: successfully reloaded assembly
- Completed reload, in  1.770 seconds
Platform modules already initialized, skipping
Shader 'Custom/Water': fallback shader 'Legacy Shaders/Transparent/Vertexlit' not found
Refreshing native plugins compatible for Editor in 0.72 ms, found 4 plugins.
Preloading 0 native plugins for Editor in 0.00 ms.
Unloading 1562 Unused Serialized files (Serialized files now loaded: 0)
System memory in use before: 77.8 MB.
System memory in use after: 77.9 MB.

Unloading 14 unused Assets to reduce memory usage. Loaded Objects now: 2058.
Total: 3.421700 ms (FindLiveObjects: 0.461700 ms CreateObjectMapping: 0.225800 ms MarkObjects: 2.599800 ms  DeleteObjects: 0.132600 ms)

========================================================================
Received Prepare
Registering precompiled user dll's ...
Registered in 0.005653 seconds.
Begin MonoManager ReloadAssembly
Native extension for WindowsStandalone target not found
Refreshing native plugins compatible for Editor in 0.44 ms, found 4 plugins.
Preloading 0 native plugins for Editor in 0.00 ms.
Mono: successfully reloaded assembly
- Completed reload, in  2.275 seconds
Platform modules already initialized, skipping
Shader 'Custom/Water': fallback shader 'Legacy Shaders/Transparent/Vertexlit' not found
Refreshing native plugins compatible for Editor in 0.50 ms, found 4 plugins.
Preloading 0 native plugins for Editor in 0.00 ms.
Unloading 1562 Unused Serialized files (Serialized files now loaded: 0)
System memory in use before: 77.9 MB.
System memory in use after: 77.9 MB.

Unloading 14 unused Assets to reduce memory usage. Loaded Objects now: 2061.
Total: 143.563900 ms (FindLiveObjects: 0.420300 ms CreateObjectMapping: 0.178400 ms MarkObjects: 142.609300 ms  DeleteObjects: 0.353700 ms)

========================================================================
Received Prepare
Registering precompiled user dll's ...
Registered in 0.006309 seconds.
Begin MonoManager ReloadAssembly
Native extension for WindowsStandalone target not found
Refreshing native plugins compatible for Editor in 0.70 ms, found 4 plugins.
Preloading 0 native plugins for Editor in 0.00 ms.
Mono: successfully reloaded assembly
- Completed reload, in  2.002 seconds
Platform modules already initialized, skipping
Shader 'Custom/Water': fallback shader 'Legacy Shaders/Transparent/Vertexlit' not found
Refreshing native plugins compatible for Editor in 0.83 ms, found 4 plugins.
Preloading 0 native plugins for Editor in 0.00 ms.
Unloading 1562 Unused Serialized files (Serialized files now loaded: 0)
System memory in use before: 77.9 MB.
System memory in use after: 77.9 MB.

Unloading 14 unused Assets to reduce memory usage. Loaded Objects now: 2064.
Total: 2.234400 ms (FindLiveObjects: 0.234900 ms CreateObjectMapping: 0.073900 ms MarkObjects: 1.829900 ms  DeleteObjects: 0.093900 ms)

========================================================================
Received Prepare
Registering precompiled user dll's ...
Registered in 0.019762 seconds.
Begin MonoManager ReloadAssembly
Native extension for WindowsStandalone target not found
Refreshing native plugins compatible for Editor in 0.62 ms, found 4 plugins.
Preloading 0 native plugins for Editor in 0.00 ms.
Mono: successfully reloaded assembly
- Completed reload, in  1.978 seconds
Platform modules already initialized, skipping
Shader 'Custom/Water': fallback shader 'Legacy Shaders/Transparent/Vertexlit' not found
Refreshing native plugins compatible for Editor in 0.92 ms, found 4 plugins.
Preloading 0 native plugins for Editor in 0.00 ms.
Unloading 1562 Unused Serialized files (Serialized files now loaded: 0)
System memory in use before: 77.9 MB.
System memory in use after: 77.9 MB.

Unloading 14 unused Assets to reduce memory usage. Loaded Objects now: 2067.
Total: 8.250400 ms (FindLiveObjects: 1.527600 ms CreateObjectMapping: 0.963200 ms MarkObjects: 5.538300 ms  DeleteObjects: 0.216700 ms)

========================================================================
Received Prepare
Registering precompiled user dll's ...
Registered in 0.020853 seconds.
Begin MonoManager ReloadAssembly
Native extension for WindowsStandalone target not found
Refreshing native plugins compatible for Editor in 0.52 ms, found 4 plugins.
Preloading 0 native plugins for Editor in 0.00 ms.
Mono: successfully reloaded assembly
- Completed reload, in  2.488 seconds
Platform modules already initialized, skipping
Shader 'Custom/Water': fallback shader 'Legacy Shaders/Transparent/Vertexlit' not found
Refreshing native plugins compatible for Editor in 1.59 ms, found 4 plugins.
Preloading 0 native plugins for Editor in 0.00 ms.
Unloading 1562 Unused Serialized files (Serialized files now loaded: 0)
System memory in use before: 77.9 MB.
System memory in use after: 78.0 MB.

Unloading 14 unused Assets to reduce memory usage. Loaded Objects now: 2070.
Total: 6.234600 ms (FindLiveObjects: 0.464000 ms CreateObjectMapping: 0.287100 ms MarkObjects: 5.171500 ms  DeleteObjects: 0.307400 ms)

AssetImportWorkerClient::OnTransportError - code=2 error=End of file
